2024-05-19 09:35:55,042 INFO o.s.b.StartupInfoLogger [main] Starting FBjv24001115Synergy7IndBinfoodCh5Application using Java 21.0.2 with PID 3688 (E:\Kumpulankoding\java\Synrgy-challenge\F-BJV24001115-synergy7-ind-binfood-ch5\target\classes started by USER in E:\Kumpulankoding\java\Synrgy-challenge\F-BJV24001115-synergy7-ind-binfood-ch5)
2024-05-19 09:35:55,054 INFO o.s.b.SpringApplication [main] No active profile set, falling back to 1 default profile: "default"
2024-05-19 09:35:57,622 INFO o.s.d.r.c.RepositoryConfigurationDelegate [main] Bootstrapping Spring Data JPA repositories in DEFAULT mode.
2024-05-19 09:35:57,973 INFO o.s.d.r.c.RepositoryConfigurationDelegate [main] Finished Spring Data repository scanning in 255 ms. Found 5 JPA repository interfaces.
2024-05-19 09:35:59,990 INFO o.s.b.w.e.t.TomcatWebServer [main] Tomcat initialized with port 8081 (http)
2024-05-19 09:36:00,043 INFO o.a.j.l.DirectJDKLog [main] Initializing ProtocolHandler ["http-nio-8081"]
2024-05-19 09:36:00,054 INFO o.a.j.l.DirectJDKLog [main] Starting service [Tomcat]
2024-05-19 09:36:00,055 INFO o.a.j.l.DirectJDKLog [main] Starting Servlet engine: [Apache Tomcat/10.1.20]
2024-05-19 09:36:00,292 INFO o.a.j.l.DirectJDKLog [main] Initializing Spring embedded WebApplicationContext
2024-05-19 09:36:00,295 INFO o.s.b.w.s.c.ServletWebServerApplicationContext [main] Root WebApplicationContext: initialization completed in 5081 ms
2024-05-19 09:36:01,167 INFO o.h.j.i.u.LogHelper [main] HHH000204: Processing PersistenceUnitInfo [name: default]
2024-05-19 09:36:01,348 INFO o.h.Version [main] HHH000412: Hibernate ORM core version 6.4.4.Final
2024-05-19 09:36:01,490 INFO o.h.c.i.RegionFactoryInitiator [main] HHH000026: Second-level cache disabled
2024-05-19 09:36:02,145 INFO o.s.o.j.p.SpringPersistenceUnitInfo [main] No LoadTimeWeaver setup: ignoring JPA class transformer
2024-05-19 09:36:02,231 INFO c.z.h.HikariDataSource [main] HikariPool-1 - Starting...
2024-05-19 09:36:02,892 INFO c.z.h.p.HikariPool [main] HikariPool-1 - Added connection org.postgresql.jdbc.PgConnection@6481dce5
2024-05-19 09:36:02,930 INFO c.z.h.HikariDataSource [main] HikariPool-1 - Start completed.
2024-05-19 09:36:03,066 WARN o.h.e.j.d.i.DialectFactoryImpl [main] HHH90000025: PostgreSQLDialect does not need to be specified explicitly using 'hibernate.dialect' (remove the property setting and it will be selected by default)
2024-05-19 09:36:06,608 INFO o.h.e.t.j.p.i.JtaPlatformInitiator [main] HHH000489: No JTA platform available (set 'hibernate.transaction.jta.platform' to enable JTA platform integration)
2024-05-19 09:36:07,021 INFO o.s.o.j.AbstractEntityManagerFactoryBean [main] Initialized JPA EntityManagerFactory for persistence unit 'default'
2024-05-19 09:36:08,198 INFO o.s.d.j.r.q.QueryEnhancerFactory [main] Hibernate is in classpath; If applicable, HQL parser will be used.
2024-05-19 09:36:09,064 WARN o.s.b.a.o.j.JpaBaseConfiguration$JpaWebConfiguration [main] spring.jpa.open-in-view is enabled by default. Therefore, database queries may be performed during view rendering. Explicitly configure spring.jpa.open-in-view to disable this warning
2024-05-19 09:36:10,305 INFO o.a.j.l.DirectJDKLog [main] Starting ProtocolHandler ["http-nio-8081"]
2024-05-19 09:36:10,426 INFO o.s.b.w.e.t.TomcatWebServer [main] Tomcat started on port 8081 (http) with context path ''
2024-05-19 09:36:10,742 INFO o.s.b.StartupInfoLogger [main] Started FBjv24001115Synergy7IndBinfoodCh5Application in 17.582 seconds (process running for 18.618)
2024-05-19 09:36:21,353 INFO o.a.j.l.DirectJDKLog [http-nio-8081-exec-1] Initializing Spring DispatcherServlet 'dispatcherServlet'
2024-05-19 09:36:21,354 INFO o.s.w.s.FrameworkServlet [http-nio-8081-exec-1] Initializing Servlet 'dispatcherServlet'
2024-05-19 09:36:21,357 INFO o.s.w.s.FrameworkServlet [http-nio-8081-exec-1] Completed initialization in 2 ms
2024-05-19 10:01:00,451 WARN c.z.h.p.HikariPool$HouseKeeper [HikariPool-1 housekeeper] HikariPool-1 - Thread starvation or clock leap detected (housekeeper delta=1m57s24ms152µs200ns).
2024-05-19 10:07:05,412 ERROR c.e.F.s.UserServiceImpl [http-nio-8081-exec-6] [31mMasukan tidak boleh kosong[0m
2024-05-19 10:07:05,422 ERROR c.e.F.s.UserServiceImpl [http-nio-8081-exec-6] [31mData Tidak Ditemukan[0m
2024-05-19 10:07:05,426 ERROR o.a.j.l.DirectJDKLog [http-nio-8081-exec-6] Servlet.service() for servlet [dispatcherServlet] in context with path [] threw exception [Request processing failed: java.lang.IllegalArgumentException: source cannot be null] with root cause
java.lang.IllegalArgumentException: source cannot be null
	at org.modelmapper.internal.util.Assert.notNull(Assert.java:53)
	at org.modelmapper.ModelMapper.map(ModelMapper.java:420)
	at com.example.FBJV24001115synergy7indbinfoodch5.controllers.OrderController.createdOrder(OrderController.java:54)
	at java.base/jdk.internal.reflect.DirectMethodHandleAccessor.invoke(DirectMethodHandleAccessor.java:103)
	at java.base/java.lang.reflect.Method.invoke(Method.java:580)
	at org.springframework.web.method.support.InvocableHandlerMethod.doInvoke(InvocableHandlerMethod.java:255)
	at org.springframework.web.method.support.InvocableHandlerMethod.invokeForRequest(InvocableHandlerMethod.java:188)
	at org.springframework.web.servlet.mvc.method.annotation.ServletInvocableHandlerMethod.invokeAndHandle(ServletInvocableHandlerMethod.java:118)
	at org.springframework.web.servlet.mvc.method.annotation.RequestMappingHandlerAdapter.invokeHandlerMethod(RequestMappingHandlerAdapter.java:926)
	at org.springframework.web.servlet.mvc.method.annotation.RequestMappingHandlerAdapter.handleInternal(RequestMappingHandlerAdapter.java:831)
	at org.springframework.web.servlet.mvc.method.AbstractHandlerMethodAdapter.handle(AbstractHandlerMethodAdapter.java:87)
	at org.springframework.web.servlet.DispatcherServlet.doDispatch(DispatcherServlet.java:1089)
	at org.springframework.web.servlet.DispatcherServlet.doService(DispatcherServlet.java:979)
	at org.springframework.web.servlet.FrameworkServlet.processRequest(FrameworkServlet.java:1014)
	at org.springframework.web.servlet.FrameworkServlet.doPost(FrameworkServlet.java:914)
	at jakarta.servlet.http.HttpServlet.service(HttpServlet.java:590)
	at org.springframework.web.servlet.FrameworkServlet.service(FrameworkServlet.java:885)
	at jakarta.servlet.http.HttpServlet.service(HttpServlet.java:658)
	at org.apache.catalina.core.ApplicationFilterChain.internalDoFilter(ApplicationFilterChain.java:206)
	at org.apache.catalina.core.ApplicationFilterChain.doFilter(ApplicationFilterChain.java:150)
	at org.apache.tomcat.websocket.server.WsFilter.doFilter(WsFilter.java:51)
	at org.apache.catalina.core.ApplicationFilterChain.internalDoFilter(ApplicationFilterChain.java:175)
	at org.apache.catalina.core.ApplicationFilterChain.doFilter(ApplicationFilterChain.java:150)
	at org.springframework.web.filter.RequestContextFilter.doFilterInternal(RequestContextFilter.java:100)
	at org.springframework.web.filter.OncePerRequestFilter.doFilter(OncePerRequestFilter.java:116)
	at org.apache.catalina.core.ApplicationFilterChain.internalDoFilter(ApplicationFilterChain.java:175)
	at org.apache.catalina.core.ApplicationFilterChain.doFilter(ApplicationFilterChain.java:150)
	at org.springframework.web.filter.FormContentFilter.doFilterInternal(FormContentFilter.java:93)
	at org.springframework.web.filter.OncePerRequestFilter.doFilter(OncePerRequestFilter.java:116)
	at org.apache.catalina.core.ApplicationFilterChain.internalDoFilter(ApplicationFilterChain.java:175)
	at org.apache.catalina.core.ApplicationFilterChain.doFilter(ApplicationFilterChain.java:150)
	at org.springframework.web.filter.CharacterEncodingFilter.doFilterInternal(CharacterEncodingFilter.java:201)
	at org.springframework.web.filter.OncePerRequestFilter.doFilter(OncePerRequestFilter.java:116)
	at org.apache.catalina.core.ApplicationFilterChain.internalDoFilter(ApplicationFilterChain.java:175)
	at org.apache.catalina.core.ApplicationFilterChain.doFilter(ApplicationFilterChain.java:150)
	at org.apache.catalina.core.StandardWrapperValve.invoke(StandardWrapperValve.java:167)
	at org.apache.catalina.core.StandardContextValve.invoke(StandardContextValve.java:90)
	at org.apache.catalina.authenticator.AuthenticatorBase.invoke(AuthenticatorBase.java:482)
	at org.apache.catalina.core.StandardHostValve.invoke(StandardHostValve.java:115)
	at org.apache.catalina.valves.ErrorReportValve.invoke(ErrorReportValve.java:93)
	at org.apache.catalina.core.StandardEngineValve.invoke(StandardEngineValve.java:74)
	at org.apache.catalina.connector.CoyoteAdapter.service(CoyoteAdapter.java:344)
	at org.apache.coyote.http11.Http11Processor.service(Http11Processor.java:391)
	at org.apache.coyote.AbstractProcessorLight.process(AbstractProcessorLight.java:63)
	at org.apache.coyote.AbstractProtocol$ConnectionHandler.process(AbstractProtocol.java:896)
	at org.apache.tomcat.util.net.NioEndpoint$SocketProcessor.doRun(NioEndpoint.java:1736)
	at org.apache.tomcat.util.net.SocketProcessorBase.run(SocketProcessorBase.java:52)
	at org.apache.tomcat.util.threads.ThreadPoolExecutor.runWorker(ThreadPoolExecutor.java:1191)
	at org.apache.tomcat.util.threads.ThreadPoolExecutor$Worker.run(ThreadPoolExecutor.java:659)
	at org.apache.tomcat.util.threads.TaskThread$WrappingRunnable.run(TaskThread.java:63)
	at java.base/java.lang.Thread.run(Thread.java:1583)
2024-05-19 10:17:50,590 INFO o.s.b.StartupInfoLogger [main] Starting FBjv24001115Synergy7IndBinfoodCh5Application using Java 21.0.2 with PID 11252 (E:\Kumpulankoding\java\Synrgy-challenge\F-BJV24001115-synergy7-ind-binfood-ch5\target\classes started by USER in E:\Kumpulankoding\java\Synrgy-challenge\F-BJV24001115-synergy7-ind-binfood-ch5)
2024-05-19 10:17:50,594 INFO o.s.b.SpringApplication [main] No active profile set, falling back to 1 default profile: "default"
2024-05-19 10:17:52,563 INFO o.s.d.r.c.RepositoryConfigurationDelegate [main] Bootstrapping Spring Data JPA repositories in DEFAULT mode.
2024-05-19 10:17:52,794 INFO o.s.d.r.c.RepositoryConfigurationDelegate [main] Finished Spring Data repository scanning in 203 ms. Found 5 JPA repository interfaces.
2024-05-19 10:17:54,125 INFO o.s.b.w.e.t.TomcatWebServer [main] Tomcat initialized with port 8081 (http)
2024-05-19 10:17:54,165 INFO o.a.j.l.DirectJDKLog [main] Initializing ProtocolHandler ["http-nio-8081"]
2024-05-19 10:17:54,173 INFO o.a.j.l.DirectJDKLog [main] Starting service [Tomcat]
2024-05-19 10:17:54,181 INFO o.a.j.l.DirectJDKLog [main] Starting Servlet engine: [Apache Tomcat/10.1.20]
2024-05-19 10:17:54,343 INFO o.a.j.l.DirectJDKLog [main] Initializing Spring embedded WebApplicationContext
2024-05-19 10:17:54,343 INFO o.s.b.w.s.c.ServletWebServerApplicationContext [main] Root WebApplicationContext: initialization completed in 3616 ms
2024-05-19 10:17:54,797 INFO o.h.j.i.u.LogHelper [main] HHH000204: Processing PersistenceUnitInfo [name: default]
2024-05-19 10:17:54,974 INFO o.h.Version [main] HHH000412: Hibernate ORM core version 6.4.4.Final
2024-05-19 10:17:55,103 INFO o.h.c.i.RegionFactoryInitiator [main] HHH000026: Second-level cache disabled
2024-05-19 10:17:55,699 INFO o.s.o.j.p.SpringPersistenceUnitInfo [main] No LoadTimeWeaver setup: ignoring JPA class transformer
2024-05-19 10:17:55,797 INFO c.z.h.HikariDataSource [main] HikariPool-1 - Starting...
2024-05-19 10:17:56,271 INFO c.z.h.p.HikariPool [main] HikariPool-1 - Added connection org.postgresql.jdbc.PgConnection@5cc3e49b
2024-05-19 10:17:56,271 INFO c.z.h.HikariDataSource [main] HikariPool-1 - Start completed.
2024-05-19 10:17:56,375 WARN o.h.e.j.d.i.DialectFactoryImpl [main] HHH90000025: PostgreSQLDialect does not need to be specified explicitly using 'hibernate.dialect' (remove the property setting and it will be selected by default)
2024-05-19 10:17:58,808 INFO o.h.e.t.j.p.i.JtaPlatformInitiator [main] HHH000489: No JTA platform available (set 'hibernate.transaction.jta.platform' to enable JTA platform integration)
2024-05-19 10:17:59,154 INFO o.s.o.j.AbstractEntityManagerFactoryBean [main] Initialized JPA EntityManagerFactory for persistence unit 'default'
2024-05-19 10:18:01,189 INFO o.s.d.j.r.q.QueryEnhancerFactory [main] Hibernate is in classpath; If applicable, HQL parser will be used.
2024-05-19 10:18:02,699 WARN o.s.b.a.o.j.JpaBaseConfiguration$JpaWebConfiguration [main] spring.jpa.open-in-view is enabled by default. Therefore, database queries may be performed during view rendering. Explicitly configure spring.jpa.open-in-view to disable this warning
2024-05-19 10:18:05,984 INFO o.a.j.l.DirectJDKLog [main] Starting ProtocolHandler ["http-nio-8081"]
2024-05-19 10:18:06,309 INFO o.s.b.w.e.t.TomcatWebServer [main] Tomcat started on port 8081 (http) with context path ''
2024-05-19 10:18:06,348 INFO o.s.b.StartupInfoLogger [main] Started FBjv24001115Synergy7IndBinfoodCh5Application in 17.626 seconds (process running for 18.814)
2024-05-19 10:19:00,745 INFO o.a.j.l.DirectJDKLog [http-nio-8081-exec-2] Initializing Spring DispatcherServlet 'dispatcherServlet'
2024-05-19 10:19:00,759 INFO o.s.w.s.FrameworkServlet [http-nio-8081-exec-2] Initializing Servlet 'dispatcherServlet'
2024-05-19 10:19:00,766 INFO o.s.w.s.FrameworkServlet [http-nio-8081-exec-2] Completed initialization in 6 ms
2024-05-19 10:19:00,939 ERROR c.e.F.s.UserServiceImpl [http-nio-8081-exec-2] [31mMasukan tidak boleh kosong[0m
2024-05-19 10:19:00,989 ERROR c.e.F.s.UserServiceImpl [http-nio-8081-exec-2] [31mData Tidak Ditemukan[0m
2024-05-19 10:19:01,018 ERROR o.a.j.l.DirectJDKLog [http-nio-8081-exec-2] Servlet.service() for servlet [dispatcherServlet] in context with path [] threw exception [Request processing failed: java.lang.IllegalArgumentException: source cannot be null] with root cause
java.lang.IllegalArgumentException: source cannot be null
	at org.modelmapper.internal.util.Assert.notNull(Assert.java:53)
	at org.modelmapper.ModelMapper.map(ModelMapper.java:420)
	at com.example.FBJV24001115synergy7indbinfoodch5.controllers.OrderController.createdOrder(OrderController.java:54)
	at java.base/jdk.internal.reflect.DirectMethodHandleAccessor.invoke(DirectMethodHandleAccessor.java:103)
	at java.base/java.lang.reflect.Method.invoke(Method.java:580)
	at org.springframework.web.method.support.InvocableHandlerMethod.doInvoke(InvocableHandlerMethod.java:255)
	at org.springframework.web.method.support.InvocableHandlerMethod.invokeForRequest(InvocableHandlerMethod.java:188)
	at org.springframework.web.servlet.mvc.method.annotation.ServletInvocableHandlerMethod.invokeAndHandle(ServletInvocableHandlerMethod.java:118)
	at org.springframework.web.servlet.mvc.method.annotation.RequestMappingHandlerAdapter.invokeHandlerMethod(RequestMappingHandlerAdapter.java:926)
	at org.springframework.web.servlet.mvc.method.annotation.RequestMappingHandlerAdapter.handleInternal(RequestMappingHandlerAdapter.java:831)
	at org.springframework.web.servlet.mvc.method.AbstractHandlerMethodAdapter.handle(AbstractHandlerMethodAdapter.java:87)
	at org.springframework.web.servlet.DispatcherServlet.doDispatch(DispatcherServlet.java:1089)
	at org.springframework.web.servlet.DispatcherServlet.doService(DispatcherServlet.java:979)
	at org.springframework.web.servlet.FrameworkServlet.processRequest(FrameworkServlet.java:1014)
	at org.springframework.web.servlet.FrameworkServlet.doPost(FrameworkServlet.java:914)
	at jakarta.servlet.http.HttpServlet.service(HttpServlet.java:590)
	at org.springframework.web.servlet.FrameworkServlet.service(FrameworkServlet.java:885)
	at jakarta.servlet.http.HttpServlet.service(HttpServlet.java:658)
	at org.apache.catalina.core.ApplicationFilterChain.internalDoFilter(ApplicationFilterChain.java:206)
	at org.apache.catalina.core.ApplicationFilterChain.doFilter(ApplicationFilterChain.java:150)
	at org.apache.tomcat.websocket.server.WsFilter.doFilter(WsFilter.java:51)
	at org.apache.catalina.core.ApplicationFilterChain.internalDoFilter(ApplicationFilterChain.java:175)
	at org.apache.catalina.core.ApplicationFilterChain.doFilter(ApplicationFilterChain.java:150)
	at org.springframework.web.filter.RequestContextFilter.doFilterInternal(RequestContextFilter.java:100)
	at org.springframework.web.filter.OncePerRequestFilter.doFilter(OncePerRequestFilter.java:116)
	at org.apache.catalina.core.ApplicationFilterChain.internalDoFilter(ApplicationFilterChain.java:175)
	at org.apache.catalina.core.ApplicationFilterChain.doFilter(ApplicationFilterChain.java:150)
	at org.springframework.web.filter.FormContentFilter.doFilterInternal(FormContentFilter.java:93)
	at org.springframework.web.filter.OncePerRequestFilter.doFilter(OncePerRequestFilter.java:116)
	at org.apache.catalina.core.ApplicationFilterChain.internalDoFilter(ApplicationFilterChain.java:175)
	at org.apache.catalina.core.ApplicationFilterChain.doFilter(ApplicationFilterChain.java:150)
	at org.springframework.web.filter.CharacterEncodingFilter.doFilterInternal(CharacterEncodingFilter.java:201)
	at org.springframework.web.filter.OncePerRequestFilter.doFilter(OncePerRequestFilter.java:116)
	at org.apache.catalina.core.ApplicationFilterChain.internalDoFilter(ApplicationFilterChain.java:175)
	at org.apache.catalina.core.ApplicationFilterChain.doFilter(ApplicationFilterChain.java:150)
	at org.apache.catalina.core.StandardWrapperValve.invoke(StandardWrapperValve.java:167)
	at org.apache.catalina.core.StandardContextValve.invoke(StandardContextValve.java:90)
	at org.apache.catalina.authenticator.AuthenticatorBase.invoke(AuthenticatorBase.java:482)
	at org.apache.catalina.core.StandardHostValve.invoke(StandardHostValve.java:115)
	at org.apache.catalina.valves.ErrorReportValve.invoke(ErrorReportValve.java:93)
	at org.apache.catalina.core.StandardEngineValve.invoke(StandardEngineValve.java:74)
	at org.apache.catalina.connector.CoyoteAdapter.service(CoyoteAdapter.java:344)
	at org.apache.coyote.http11.Http11Processor.service(Http11Processor.java:391)
	at org.apache.coyote.AbstractProcessorLight.process(AbstractProcessorLight.java:63)
	at org.apache.coyote.AbstractProtocol$ConnectionHandler.process(AbstractProtocol.java:896)
	at org.apache.tomcat.util.net.NioEndpoint$SocketProcessor.doRun(NioEndpoint.java:1736)
	at org.apache.tomcat.util.net.SocketProcessorBase.run(SocketProcessorBase.java:52)
	at org.apache.tomcat.util.threads.ThreadPoolExecutor.runWorker(ThreadPoolExecutor.java:1191)
	at org.apache.tomcat.util.threads.ThreadPoolExecutor$Worker.run(ThreadPoolExecutor.java:659)
	at org.apache.tomcat.util.threads.TaskThread$WrappingRunnable.run(TaskThread.java:63)
	at java.base/java.lang.Thread.run(Thread.java:1583)
2024-05-19 10:22:04,045 INFO o.s.b.StartupInfoLogger [main] Starting FBjv24001115Synergy7IndBinfoodCh5Application using Java 21.0.2 with PID 4544 (E:\Kumpulankoding\java\Synrgy-challenge\F-BJV24001115-synergy7-ind-binfood-ch5\target\classes started by USER in E:\Kumpulankoding\java\Synrgy-challenge\F-BJV24001115-synergy7-ind-binfood-ch5)
2024-05-19 10:22:04,051 INFO o.s.b.SpringApplication [main] No active profile set, falling back to 1 default profile: "default"
2024-05-19 10:22:06,784 INFO o.s.d.r.c.RepositoryConfigurationDelegate [main] Bootstrapping Spring Data JPA repositories in DEFAULT mode.
2024-05-19 10:22:06,985 INFO o.s.d.r.c.RepositoryConfigurationDelegate [main] Finished Spring Data repository scanning in 183 ms. Found 5 JPA repository interfaces.
2024-05-19 10:22:09,049 INFO o.s.b.w.e.t.TomcatWebServer [main] Tomcat initialized with port 8081 (http)
2024-05-19 10:22:09,067 INFO o.a.j.l.DirectJDKLog [main] Initializing ProtocolHandler ["http-nio-8081"]
2024-05-19 10:22:09,076 INFO o.a.j.l.DirectJDKLog [main] Starting service [Tomcat]
2024-05-19 10:22:09,076 INFO o.a.j.l.DirectJDKLog [main] Starting Servlet engine: [Apache Tomcat/10.1.20]
2024-05-19 10:22:09,217 INFO o.a.j.l.DirectJDKLog [main] Initializing Spring embedded WebApplicationContext
2024-05-19 10:22:09,220 INFO o.s.b.w.s.c.ServletWebServerApplicationContext [main] Root WebApplicationContext: initialization completed in 5046 ms
2024-05-19 10:22:09,834 INFO o.h.j.i.u.LogHelper [main] HHH000204: Processing PersistenceUnitInfo [name: default]
2024-05-19 10:22:09,993 INFO o.h.Version [main] HHH000412: Hibernate ORM core version 6.4.4.Final
2024-05-19 10:22:10,111 INFO o.h.c.i.RegionFactoryInitiator [main] HHH000026: Second-level cache disabled
2024-05-19 10:22:10,895 INFO o.s.o.j.p.SpringPersistenceUnitInfo [main] No LoadTimeWeaver setup: ignoring JPA class transformer
2024-05-19 10:22:11,014 INFO c.z.h.HikariDataSource [main] HikariPool-1 - Starting...
2024-05-19 10:22:11,575 INFO c.z.h.p.HikariPool [main] HikariPool-1 - Added connection org.postgresql.jdbc.PgConnection@819fb19
2024-05-19 10:22:11,705 INFO c.z.h.HikariDataSource [main] HikariPool-1 - Start completed.
2024-05-19 10:22:11,854 WARN o.h.e.j.d.i.DialectFactoryImpl [main] HHH90000025: PostgreSQLDialect does not need to be specified explicitly using 'hibernate.dialect' (remove the property setting and it will be selected by default)
2024-05-19 10:22:14,775 INFO o.h.e.t.j.p.i.JtaPlatformInitiator [main] HHH000489: No JTA platform available (set 'hibernate.transaction.jta.platform' to enable JTA platform integration)
2024-05-19 10:22:14,965 INFO o.s.o.j.AbstractEntityManagerFactoryBean [main] Initialized JPA EntityManagerFactory for persistence unit 'default'
2024-05-19 10:22:16,095 INFO o.s.d.j.r.q.QueryEnhancerFactory [main] Hibernate is in classpath; If applicable, HQL parser will be used.
2024-05-19 10:22:16,934 WARN o.s.b.a.o.j.JpaBaseConfiguration$JpaWebConfiguration [main] spring.jpa.open-in-view is enabled by default. Therefore, database queries may be performed during view rendering. Explicitly configure spring.jpa.open-in-view to disable this warning
2024-05-19 10:22:17,915 INFO o.a.j.l.DirectJDKLog [main] Starting ProtocolHandler ["http-nio-8081"]
2024-05-19 10:22:17,995 INFO o.s.b.w.e.t.TomcatWebServer [main] Tomcat started on port 8081 (http) with context path ''
2024-05-19 10:22:18,029 INFO o.s.b.StartupInfoLogger [main] Started FBjv24001115Synergy7IndBinfoodCh5Application in 15.522 seconds (process running for 16.324)
2024-05-19 10:22:21,844 INFO o.a.j.l.DirectJDKLog [http-nio-8081-exec-1] Initializing Spring DispatcherServlet 'dispatcherServlet'
2024-05-19 10:22:21,844 INFO o.s.w.s.FrameworkServlet [http-nio-8081-exec-1] Initializing Servlet 'dispatcherServlet'
2024-05-19 10:22:21,855 INFO o.s.w.s.FrameworkServlet [http-nio-8081-exec-1] Completed initialization in 7 ms
2024-05-19 10:22:21,985 ERROR c.e.F.s.UserServiceImpl [http-nio-8081-exec-1] [31mMasukan tidak boleh kosong[0m
2024-05-19 10:22:22,018 ERROR c.e.F.s.UserServiceImpl [http-nio-8081-exec-1] [31mData Tidak Ditemukan[0m
2024-05-19 10:22:22,031 ERROR o.a.j.l.DirectJDKLog [http-nio-8081-exec-1] Servlet.service() for servlet [dispatcherServlet] in context with path [] threw exception [Request processing failed: java.lang.IllegalArgumentException: source cannot be null] with root cause
java.lang.IllegalArgumentException: source cannot be null
	at org.modelmapper.internal.util.Assert.notNull(Assert.java:53)
	at org.modelmapper.ModelMapper.map(ModelMapper.java:420)
	at com.example.FBJV24001115synergy7indbinfoodch5.controllers.OrderController.createdOrder(OrderController.java:54)
	at java.base/jdk.internal.reflect.DirectMethodHandleAccessor.invoke(DirectMethodHandleAccessor.java:103)
	at java.base/java.lang.reflect.Method.invoke(Method.java:580)
	at org.springframework.web.method.support.InvocableHandlerMethod.doInvoke(InvocableHandlerMethod.java:255)
	at org.springframework.web.method.support.InvocableHandlerMethod.invokeForRequest(InvocableHandlerMethod.java:188)
	at org.springframework.web.servlet.mvc.method.annotation.ServletInvocableHandlerMethod.invokeAndHandle(ServletInvocableHandlerMethod.java:118)
	at org.springframework.web.servlet.mvc.method.annotation.RequestMappingHandlerAdapter.invokeHandlerMethod(RequestMappingHandlerAdapter.java:926)
	at org.springframework.web.servlet.mvc.method.annotation.RequestMappingHandlerAdapter.handleInternal(RequestMappingHandlerAdapter.java:831)
	at org.springframework.web.servlet.mvc.method.AbstractHandlerMethodAdapter.handle(AbstractHandlerMethodAdapter.java:87)
	at org.springframework.web.servlet.DispatcherServlet.doDispatch(DispatcherServlet.java:1089)
	at org.springframework.web.servlet.DispatcherServlet.doService(DispatcherServlet.java:979)
	at org.springframework.web.servlet.FrameworkServlet.processRequest(FrameworkServlet.java:1014)
	at org.springframework.web.servlet.FrameworkServlet.doPost(FrameworkServlet.java:914)
	at jakarta.servlet.http.HttpServlet.service(HttpServlet.java:590)
	at org.springframework.web.servlet.FrameworkServlet.service(FrameworkServlet.java:885)
	at jakarta.servlet.http.HttpServlet.service(HttpServlet.java:658)
	at org.apache.catalina.core.ApplicationFilterChain.internalDoFilter(ApplicationFilterChain.java:206)
	at org.apache.catalina.core.ApplicationFilterChain.doFilter(ApplicationFilterChain.java:150)
	at org.apache.tomcat.websocket.server.WsFilter.doFilter(WsFilter.java:51)
	at org.apache.catalina.core.ApplicationFilterChain.internalDoFilter(ApplicationFilterChain.java:175)
	at org.apache.catalina.core.ApplicationFilterChain.doFilter(ApplicationFilterChain.java:150)
	at org.springframework.web.filter.RequestContextFilter.doFilterInternal(RequestContextFilter.java:100)
	at org.springframework.web.filter.OncePerRequestFilter.doFilter(OncePerRequestFilter.java:116)
	at org.apache.catalina.core.ApplicationFilterChain.internalDoFilter(ApplicationFilterChain.java:175)
	at org.apache.catalina.core.ApplicationFilterChain.doFilter(ApplicationFilterChain.java:150)
	at org.springframework.web.filter.FormContentFilter.doFilterInternal(FormContentFilter.java:93)
	at org.springframework.web.filter.OncePerRequestFilter.doFilter(OncePerRequestFilter.java:116)
	at org.apache.catalina.core.ApplicationFilterChain.internalDoFilter(ApplicationFilterChain.java:175)
	at org.apache.catalina.core.ApplicationFilterChain.doFilter(ApplicationFilterChain.java:150)
	at org.springframework.web.filter.CharacterEncodingFilter.doFilterInternal(CharacterEncodingFilter.java:201)
	at org.springframework.web.filter.OncePerRequestFilter.doFilter(OncePerRequestFilter.java:116)
	at org.apache.catalina.core.ApplicationFilterChain.internalDoFilter(ApplicationFilterChain.java:175)
	at org.apache.catalina.core.ApplicationFilterChain.doFilter(ApplicationFilterChain.java:150)
	at org.apache.catalina.core.StandardWrapperValve.invoke(StandardWrapperValve.java:167)
	at org.apache.catalina.core.StandardContextValve.invoke(StandardContextValve.java:90)
	at org.apache.catalina.authenticator.AuthenticatorBase.invoke(AuthenticatorBase.java:482)
	at org.apache.catalina.core.StandardHostValve.invoke(StandardHostValve.java:115)
	at org.apache.catalina.valves.ErrorReportValve.invoke(ErrorReportValve.java:93)
	at org.apache.catalina.core.StandardEngineValve.invoke(StandardEngineValve.java:74)
	at org.apache.catalina.connector.CoyoteAdapter.service(CoyoteAdapter.java:344)
	at org.apache.coyote.http11.Http11Processor.service(Http11Processor.java:391)
	at org.apache.coyote.AbstractProcessorLight.process(AbstractProcessorLight.java:63)
	at org.apache.coyote.AbstractProtocol$ConnectionHandler.process(AbstractProtocol.java:896)
	at org.apache.tomcat.util.net.NioEndpoint$SocketProcessor.doRun(NioEndpoint.java:1736)
	at org.apache.tomcat.util.net.SocketProcessorBase.run(SocketProcessorBase.java:52)
	at org.apache.tomcat.util.threads.ThreadPoolExecutor.runWorker(ThreadPoolExecutor.java:1191)
	at org.apache.tomcat.util.threads.ThreadPoolExecutor$Worker.run(ThreadPoolExecutor.java:659)
	at org.apache.tomcat.util.threads.TaskThread$WrappingRunnable.run(TaskThread.java:63)
	at java.base/java.lang.Thread.run(Thread.java:1583)
2024-05-19 10:24:18,914 INFO o.s.b.StartupInfoLogger [main] Starting FBjv24001115Synergy7IndBinfoodCh5Application using Java 21.0.2 with PID 16868 (E:\Kumpulankoding\java\Synrgy-challenge\F-BJV24001115-synergy7-ind-binfood-ch5\target\classes started by USER in E:\Kumpulankoding\java\Synrgy-challenge\F-BJV24001115-synergy7-ind-binfood-ch5)
2024-05-19 10:24:18,924 INFO o.s.b.SpringApplication [main] No active profile set, falling back to 1 default profile: "default"
2024-05-19 10:24:21,357 INFO o.s.d.r.c.RepositoryConfigurationDelegate [main] Bootstrapping Spring Data JPA repositories in DEFAULT mode.
2024-05-19 10:24:21,634 INFO o.s.d.r.c.RepositoryConfigurationDelegate [main] Finished Spring Data repository scanning in 256 ms. Found 5 JPA repository interfaces.
2024-05-19 10:24:23,587 INFO o.s.b.w.e.t.TomcatWebServer [main] Tomcat initialized with port 8081 (http)
2024-05-19 10:24:23,610 INFO o.a.j.l.DirectJDKLog [main] Initializing ProtocolHandler ["http-nio-8081"]
2024-05-19 10:24:23,617 INFO o.a.j.l.DirectJDKLog [main] Starting service [Tomcat]
2024-05-19 10:24:23,618 INFO o.a.j.l.DirectJDKLog [main] Starting Servlet engine: [Apache Tomcat/10.1.20]
2024-05-19 10:24:23,783 INFO o.a.j.l.DirectJDKLog [main] Initializing Spring embedded WebApplicationContext
2024-05-19 10:24:23,783 INFO o.s.b.w.s.c.ServletWebServerApplicationContext [main] Root WebApplicationContext: initialization completed in 4630 ms
2024-05-19 10:24:24,584 INFO o.h.j.i.u.LogHelper [main] HHH000204: Processing PersistenceUnitInfo [name: default]
2024-05-19 10:24:24,774 INFO o.h.Version [main] HHH000412: Hibernate ORM core version 6.4.4.Final
2024-05-19 10:24:25,054 INFO o.h.c.i.RegionFactoryInitiator [main] HHH000026: Second-level cache disabled
2024-05-19 10:24:25,636 INFO o.s.o.j.p.SpringPersistenceUnitInfo [main] No LoadTimeWeaver setup: ignoring JPA class transformer
2024-05-19 10:24:25,748 INFO c.z.h.HikariDataSource [main] HikariPool-1 - Starting...
2024-05-19 10:24:26,627 INFO c.z.h.p.HikariPool [main] HikariPool-1 - Added connection org.postgresql.jdbc.PgConnection@6481dce5
2024-05-19 10:24:26,634 INFO c.z.h.HikariDataSource [main] HikariPool-1 - Start completed.
2024-05-19 10:24:26,723 WARN o.h.e.j.d.i.DialectFactoryImpl [main] HHH90000025: PostgreSQLDialect does not need to be specified explicitly using 'hibernate.dialect' (remove the property setting and it will be selected by default)
2024-05-19 10:24:29,720 INFO o.h.e.t.j.p.i.JtaPlatformInitiator [main] HHH000489: No JTA platform available (set 'hibernate.transaction.jta.platform' to enable JTA platform integration)
2024-05-19 10:24:29,943 INFO o.s.o.j.AbstractEntityManagerFactoryBean [main] Initialized JPA EntityManagerFactory for persistence unit 'default'
2024-05-19 10:24:31,562 INFO o.s.d.j.r.q.QueryEnhancerFactory [main] Hibernate is in classpath; If applicable, HQL parser will be used.
2024-05-19 10:24:32,532 WARN o.s.b.a.o.j.JpaBaseConfiguration$JpaWebConfiguration [main] spring.jpa.open-in-view is enabled by default. Therefore, database queries may be performed during view rendering. Explicitly configure spring.jpa.open-in-view to disable this warning
2024-05-19 10:24:33,683 INFO o.a.j.l.DirectJDKLog [main] Starting ProtocolHandler ["http-nio-8081"]
2024-05-19 10:24:33,746 INFO o.s.b.w.e.t.TomcatWebServer [main] Tomcat started on port 8081 (http) with context path ''
2024-05-19 10:24:33,782 INFO o.s.b.StartupInfoLogger [main] Started FBjv24001115Synergy7IndBinfoodCh5Application in 16.32 seconds (process running for 17.333)
2024-05-19 10:24:36,594 INFO o.a.j.l.DirectJDKLog [http-nio-8081-exec-2] Initializing Spring DispatcherServlet 'dispatcherServlet'
2024-05-19 10:24:36,594 INFO o.s.w.s.FrameworkServlet [http-nio-8081-exec-2] Initializing Servlet 'dispatcherServlet'
2024-05-19 10:24:36,603 INFO o.s.w.s.FrameworkServlet [http-nio-8081-exec-2] Completed initialization in 1 ms
2024-05-19 10:24:36,773 ERROR o.a.j.l.DirectJDKLog [http-nio-8081-exec-2] Servlet.service() for servlet [dispatcherServlet] in context with path [] threw exception [Request processing failed: java.lang.NullPointerException: Cannot invoke "java.util.UUID.toString()" because the return value of "com.example.FBJV24001115synergy7indbinfoodch5.dto.order.OrderCreateDTO.getUser_id()" is null] with root cause
java.lang.NullPointerException: Cannot invoke "java.util.UUID.toString()" because the return value of "com.example.FBJV24001115synergy7indbinfoodch5.dto.order.OrderCreateDTO.getUser_id()" is null
	at com.example.FBJV24001115synergy7indbinfoodch5.controllers.OrderController.createdOrder(OrderController.java:51)
	at java.base/jdk.internal.reflect.DirectMethodHandleAccessor.invoke(DirectMethodHandleAccessor.java:103)
	at java.base/java.lang.reflect.Method.invoke(Method.java:580)
	at org.springframework.web.method.support.InvocableHandlerMethod.doInvoke(InvocableHandlerMethod.java:255)
	at org.springframework.web.method.support.InvocableHandlerMethod.invokeForRequest(InvocableHandlerMethod.java:188)
	at org.springframework.web.servlet.mvc.method.annotation.ServletInvocableHandlerMethod.invokeAndHandle(ServletInvocableHandlerMethod.java:118)
	at org.springframework.web.servlet.mvc.method.annotation.RequestMappingHandlerAdapter.invokeHandlerMethod(RequestMappingHandlerAdapter.java:926)
	at org.springframework.web.servlet.mvc.method.annotation.RequestMappingHandlerAdapter.handleInternal(RequestMappingHandlerAdapter.java:831)
	at org.springframework.web.servlet.mvc.method.AbstractHandlerMethodAdapter.handle(AbstractHandlerMethodAdapter.java:87)
	at org.springframework.web.servlet.DispatcherServlet.doDispatch(DispatcherServlet.java:1089)
	at org.springframework.web.servlet.DispatcherServlet.doService(DispatcherServlet.java:979)
	at org.springframework.web.servlet.FrameworkServlet.processRequest(FrameworkServlet.java:1014)
	at org.springframework.web.servlet.FrameworkServlet.doPost(FrameworkServlet.java:914)
	at jakarta.servlet.http.HttpServlet.service(HttpServlet.java:590)
	at org.springframework.web.servlet.FrameworkServlet.service(FrameworkServlet.java:885)
	at jakarta.servlet.http.HttpServlet.service(HttpServlet.java:658)
	at org.apache.catalina.core.ApplicationFilterChain.internalDoFilter(ApplicationFilterChain.java:206)
	at org.apache.catalina.core.ApplicationFilterChain.doFilter(ApplicationFilterChain.java:150)
	at org.apache.tomcat.websocket.server.WsFilter.doFilter(WsFilter.java:51)
	at org.apache.catalina.core.ApplicationFilterChain.internalDoFilter(ApplicationFilterChain.java:175)
	at org.apache.catalina.core.ApplicationFilterChain.doFilter(ApplicationFilterChain.java:150)
	at org.springframework.web.filter.RequestContextFilter.doFilterInternal(RequestContextFilter.java:100)
	at org.springframework.web.filter.OncePerRequestFilter.doFilter(OncePerRequestFilter.java:116)
	at org.apache.catalina.core.ApplicationFilterChain.internalDoFilter(ApplicationFilterChain.java:175)
	at org.apache.catalina.core.ApplicationFilterChain.doFilter(ApplicationFilterChain.java:150)
	at org.springframework.web.filter.FormContentFilter.doFilterInternal(FormContentFilter.java:93)
	at org.springframework.web.filter.OncePerRequestFilter.doFilter(OncePerRequestFilter.java:116)
	at org.apache.catalina.core.ApplicationFilterChain.internalDoFilter(ApplicationFilterChain.java:175)
	at org.apache.catalina.core.ApplicationFilterChain.doFilter(ApplicationFilterChain.java:150)
	at org.springframework.web.filter.CharacterEncodingFilter.doFilterInternal(CharacterEncodingFilter.java:201)
	at org.springframework.web.filter.OncePerRequestFilter.doFilter(OncePerRequestFilter.java:116)
	at org.apache.catalina.core.ApplicationFilterChain.internalDoFilter(ApplicationFilterChain.java:175)
	at org.apache.catalina.core.ApplicationFilterChain.doFilter(ApplicationFilterChain.java:150)
	at org.apache.catalina.core.StandardWrapperValve.invoke(StandardWrapperValve.java:167)
	at org.apache.catalina.core.StandardContextValve.invoke(StandardContextValve.java:90)
	at org.apache.catalina.authenticator.AuthenticatorBase.invoke(AuthenticatorBase.java:482)
	at org.apache.catalina.core.StandardHostValve.invoke(StandardHostValve.java:115)
	at org.apache.catalina.valves.ErrorReportValve.invoke(ErrorReportValve.java:93)
	at org.apache.catalina.core.StandardEngineValve.invoke(StandardEngineValve.java:74)
	at org.apache.catalina.connector.CoyoteAdapter.service(CoyoteAdapter.java:344)
	at org.apache.coyote.http11.Http11Processor.service(Http11Processor.java:391)
	at org.apache.coyote.AbstractProcessorLight.process(AbstractProcessorLight.java:63)
	at org.apache.coyote.AbstractProtocol$ConnectionHandler.process(AbstractProtocol.java:896)
	at org.apache.tomcat.util.net.NioEndpoint$SocketProcessor.doRun(NioEndpoint.java:1736)
	at org.apache.tomcat.util.net.SocketProcessorBase.run(SocketProcessorBase.java:52)
	at org.apache.tomcat.util.threads.ThreadPoolExecutor.runWorker(ThreadPoolExecutor.java:1191)
	at org.apache.tomcat.util.threads.ThreadPoolExecutor$Worker.run(ThreadPoolExecutor.java:659)
	at org.apache.tomcat.util.threads.TaskThread$WrappingRunnable.run(TaskThread.java:63)
	at java.base/java.lang.Thread.run(Thread.java:1583)
2024-05-19 10:27:26,007 INFO o.s.b.StartupInfoLogger [main] Starting FBjv24001115Synergy7IndBinfoodCh5Application using Java 21.0.2 with PID 12664 (E:\Kumpulankoding\java\Synrgy-challenge\F-BJV24001115-synergy7-ind-binfood-ch5\target\classes started by USER in E:\Kumpulankoding\java\Synrgy-challenge\F-BJV24001115-synergy7-ind-binfood-ch5)
2024-05-19 10:27:26,012 INFO o.s.b.SpringApplication [main] No active profile set, falling back to 1 default profile: "default"
2024-05-19 10:27:28,415 INFO o.s.d.r.c.RepositoryConfigurationDelegate [main] Bootstrapping Spring Data JPA repositories in DEFAULT mode.
2024-05-19 10:27:28,753 INFO o.s.d.r.c.RepositoryConfigurationDelegate [main] Finished Spring Data repository scanning in 304 ms. Found 5 JPA repository interfaces.
2024-05-19 10:27:31,234 INFO o.s.b.w.e.t.TomcatWebServer [main] Tomcat initialized with port 8081 (http)
2024-05-19 10:27:31,277 INFO o.a.j.l.DirectJDKLog [main] Initializing ProtocolHandler ["http-nio-8081"]
2024-05-19 10:27:31,292 INFO o.a.j.l.DirectJDKLog [main] Starting service [Tomcat]
2024-05-19 10:27:31,298 INFO o.a.j.l.DirectJDKLog [main] Starting Servlet engine: [Apache Tomcat/10.1.20]
2024-05-19 10:27:31,697 INFO o.a.j.l.DirectJDKLog [main] Initializing Spring embedded WebApplicationContext
2024-05-19 10:27:31,703 INFO o.s.b.w.s.c.ServletWebServerApplicationContext [main] Root WebApplicationContext: initialization completed in 5536 ms
2024-05-19 10:27:33,005 INFO o.h.j.i.u.LogHelper [main] HHH000204: Processing PersistenceUnitInfo [name: default]
2024-05-19 10:27:33,198 INFO o.h.Version [main] HHH000412: Hibernate ORM core version 6.4.4.Final
2024-05-19 10:27:33,341 INFO o.h.c.i.RegionFactoryInitiator [main] HHH000026: Second-level cache disabled
2024-05-19 10:27:33,790 INFO o.s.o.j.p.SpringPersistenceUnitInfo [main] No LoadTimeWeaver setup: ignoring JPA class transformer
2024-05-19 10:27:33,980 INFO c.z.h.HikariDataSource [main] HikariPool-1 - Starting...
2024-05-19 10:27:34,874 INFO c.z.h.p.HikariPool [main] HikariPool-1 - Added connection org.postgresql.jdbc.PgConnection@352f6727
2024-05-19 10:27:34,887 INFO c.z.h.HikariDataSource [main] HikariPool-1 - Start completed.
2024-05-19 10:27:35,052 WARN o.h.e.j.d.i.DialectFactoryImpl [main] HHH90000025: PostgreSQLDialect does not need to be specified explicitly using 'hibernate.dialect' (remove the property setting and it will be selected by default)
2024-05-19 10:27:38,824 INFO o.h.e.t.j.p.i.JtaPlatformInitiator [main] HHH000489: No JTA platform available (set 'hibernate.transaction.jta.platform' to enable JTA platform integration)
2024-05-19 10:27:39,077 INFO o.s.o.j.AbstractEntityManagerFactoryBean [main] Initialized JPA EntityManagerFactory for persistence unit 'default'
2024-05-19 10:27:41,143 INFO o.s.d.j.r.q.QueryEnhancerFactory [main] Hibernate is in classpath; If applicable, HQL parser will be used.
2024-05-19 10:27:41,654 WARN o.s.b.a.o.j.JpaBaseConfiguration$JpaWebConfiguration [main] spring.jpa.open-in-view is enabled by default. Therefore, database queries may be performed during view rendering. Explicitly configure spring.jpa.open-in-view to disable this warning
2024-05-19 10:27:43,553 INFO o.a.j.l.DirectJDKLog [main] Starting ProtocolHandler ["http-nio-8081"]
2024-05-19 10:27:43,673 INFO o.s.b.w.e.t.TomcatWebServer [main] Tomcat started on port 8081 (http) with context path ''
2024-05-19 10:27:43,717 INFO o.s.b.StartupInfoLogger [main] Started FBjv24001115Synergy7IndBinfoodCh5Application in 19.108 seconds (process running for 20.093)
2024-05-19 10:27:52,415 INFO o.a.j.l.DirectJDKLog [http-nio-8081-exec-2] Initializing Spring DispatcherServlet 'dispatcherServlet'
2024-05-19 10:27:52,415 INFO o.s.w.s.FrameworkServlet [http-nio-8081-exec-2] Initializing Servlet 'dispatcherServlet'
2024-05-19 10:27:52,430 INFO o.s.w.s.FrameworkServlet [http-nio-8081-exec-2] Completed initialization in 15 ms
2024-05-19 10:27:52,977 INFO c.e.F.s.OrderServiceImpl [http-nio-8081-exec-2] [32mBerhasil Menambahkan Data[0m
2024-05-19 10:29:18,783 ERROR c.e.F.s.UserServiceImpl [http-nio-8081-exec-6] [31mData Tidak Ditemukan[0m
2024-05-19 10:29:18,789 ERROR o.a.j.l.DirectJDKLog [http-nio-8081-exec-6] Servlet.service() for servlet [dispatcherServlet] in context with path [] threw exception [Request processing failed: java.lang.IllegalArgumentException: source cannot be null] with root cause
java.lang.IllegalArgumentException: source cannot be null
	at org.modelmapper.internal.util.Assert.notNull(Assert.java:53)
	at org.modelmapper.ModelMapper.map(ModelMapper.java:420)
	at com.example.FBJV24001115synergy7indbinfoodch5.controllers.OrderController.createdOrder(OrderController.java:56)
	at java.base/jdk.internal.reflect.DirectMethodHandleAccessor.invoke(DirectMethodHandleAccessor.java:103)
	at java.base/java.lang.reflect.Method.invoke(Method.java:580)
	at org.springframework.web.method.support.InvocableHandlerMethod.doInvoke(InvocableHandlerMethod.java:255)
	at org.springframework.web.method.support.InvocableHandlerMethod.invokeForRequest(InvocableHandlerMethod.java:188)
	at org.springframework.web.servlet.mvc.method.annotation.ServletInvocableHandlerMethod.invokeAndHandle(ServletInvocableHandlerMethod.java:118)
	at org.springframework.web.servlet.mvc.method.annotation.RequestMappingHandlerAdapter.invokeHandlerMethod(RequestMappingHandlerAdapter.java:926)
	at org.springframework.web.servlet.mvc.method.annotation.RequestMappingHandlerAdapter.handleInternal(RequestMappingHandlerAdapter.java:831)
	at org.springframework.web.servlet.mvc.method.AbstractHandlerMethodAdapter.handle(AbstractHandlerMethodAdapter.java:87)
	at org.springframework.web.servlet.DispatcherServlet.doDispatch(DispatcherServlet.java:1089)
	at org.springframework.web.servlet.DispatcherServlet.doService(DispatcherServlet.java:979)
	at org.springframework.web.servlet.FrameworkServlet.processRequest(FrameworkServlet.java:1014)
	at org.springframework.web.servlet.FrameworkServlet.doPost(FrameworkServlet.java:914)
	at jakarta.servlet.http.HttpServlet.service(HttpServlet.java:590)
	at org.springframework.web.servlet.FrameworkServlet.service(FrameworkServlet.java:885)
	at jakarta.servlet.http.HttpServlet.service(HttpServlet.java:658)
	at org.apache.catalina.core.ApplicationFilterChain.internalDoFilter(ApplicationFilterChain.java:206)
	at org.apache.catalina.core.ApplicationFilterChain.doFilter(ApplicationFilterChain.java:150)
	at org.apache.tomcat.websocket.server.WsFilter.doFilter(WsFilter.java:51)
	at org.apache.catalina.core.ApplicationFilterChain.internalDoFilter(ApplicationFilterChain.java:175)
	at org.apache.catalina.core.ApplicationFilterChain.doFilter(ApplicationFilterChain.java:150)
	at org.springframework.web.filter.RequestContextFilter.doFilterInternal(RequestContextFilter.java:100)
	at org.springframework.web.filter.OncePerRequestFilter.doFilter(OncePerRequestFilter.java:116)
	at org.apache.catalina.core.ApplicationFilterChain.internalDoFilter(ApplicationFilterChain.java:175)
	at org.apache.catalina.core.ApplicationFilterChain.doFilter(ApplicationFilterChain.java:150)
	at org.springframework.web.filter.FormContentFilter.doFilterInternal(FormContentFilter.java:93)
	at org.springframework.web.filter.OncePerRequestFilter.doFilter(OncePerRequestFilter.java:116)
	at org.apache.catalina.core.ApplicationFilterChain.internalDoFilter(ApplicationFilterChain.java:175)
	at org.apache.catalina.core.ApplicationFilterChain.doFilter(ApplicationFilterChain.java:150)
	at org.springframework.web.filter.CharacterEncodingFilter.doFilterInternal(CharacterEncodingFilter.java:201)
	at org.springframework.web.filter.OncePerRequestFilter.doFilter(OncePerRequestFilter.java:116)
	at org.apache.catalina.core.ApplicationFilterChain.internalDoFilter(ApplicationFilterChain.java:175)
	at org.apache.catalina.core.ApplicationFilterChain.doFilter(ApplicationFilterChain.java:150)
	at org.apache.catalina.core.StandardWrapperValve.invoke(StandardWrapperValve.java:167)
	at org.apache.catalina.core.StandardContextValve.invoke(StandardContextValve.java:90)
	at org.apache.catalina.authenticator.AuthenticatorBase.invoke(AuthenticatorBase.java:482)
	at org.apache.catalina.core.StandardHostValve.invoke(StandardHostValve.java:115)
	at org.apache.catalina.valves.ErrorReportValve.invoke(ErrorReportValve.java:93)
	at org.apache.catalina.core.StandardEngineValve.invoke(StandardEngineValve.java:74)
	at org.apache.catalina.connector.CoyoteAdapter.service(CoyoteAdapter.java:344)
	at org.apache.coyote.http11.Http11Processor.service(Http11Processor.java:391)
	at org.apache.coyote.AbstractProcessorLight.process(AbstractProcessorLight.java:63)
	at org.apache.coyote.AbstractProtocol$ConnectionHandler.process(AbstractProtocol.java:896)
	at org.apache.tomcat.util.net.NioEndpoint$SocketProcessor.doRun(NioEndpoint.java:1736)
	at org.apache.tomcat.util.net.SocketProcessorBase.run(SocketProcessorBase.java:52)
	at org.apache.tomcat.util.threads.ThreadPoolExecutor.runWorker(ThreadPoolExecutor.java:1191)
	at org.apache.tomcat.util.threads.ThreadPoolExecutor$Worker.run(ThreadPoolExecutor.java:659)
	at org.apache.tomcat.util.threads.TaskThread$WrappingRunnable.run(TaskThread.java:63)
	at java.base/java.lang.Thread.run(Thread.java:1583)
2024-05-19 10:29:45,704 WARN o.s.w.s.m.s.DefaultHandlerExceptionResolver [http-nio-8081-exec-8] Ignoring exception, response committed already: org.springframework.http.converter.HttpMessageNotWritableException: Could not write JSON: Infinite recursion (StackOverflowError)
2024-05-19 10:29:45,710 WARN o.s.w.s.h.AbstractHandlerExceptionResolver [http-nio-8081-exec-8] Resolved [org.springframework.http.converter.HttpMessageNotWritableException: Could not write JSON: Infinite recursion (StackOverflowError)]
2024-05-19 10:34:10,507 INFO o.s.o.j.AbstractEntityManagerFactoryBean [SpringApplicationShutdownHook] Closing JPA EntityManagerFactory for persistence unit 'default'
2024-05-19 10:34:10,510 INFO c.z.h.HikariDataSource [SpringApplicationShutdownHook] HikariPool-1 - Shutdown initiated...
2024-05-19 10:34:10,523 INFO c.z.h.HikariDataSource [SpringApplicationShutdownHook] HikariPool-1 - Shutdown completed.
2024-05-19 10:46:19,493 INFO o.s.b.StartupInfoLogger [main] Starting FBjv24001115Synergy7IndBinfoodCh5Application using Java 21.0.2 with PID 15964 (E:\Kumpulankoding\java\Synrgy-challenge\F-BJV24001115-synergy7-ind-binfood-ch5\target\classes started by USER in E:\Kumpulankoding\java\Synrgy-challenge\F-BJV24001115-synergy7-ind-binfood-ch5)
2024-05-19 10:46:19,500 INFO o.s.b.SpringApplication [main] No active profile set, falling back to 1 default profile: "default"
2024-05-19 10:46:22,712 INFO o.s.d.r.c.RepositoryConfigurationDelegate [main] Bootstrapping Spring Data JPA repositories in DEFAULT mode.
2024-05-19 10:46:23,045 INFO o.s.d.r.c.RepositoryConfigurationDelegate [main] Finished Spring Data repository scanning in 283 ms. Found 5 JPA repository interfaces.
2024-05-19 10:46:25,055 INFO o.s.b.w.e.t.TomcatWebServer [main] Tomcat initialized with port 8081 (http)
2024-05-19 10:46:25,104 INFO o.a.j.l.DirectJDKLog [main] Initializing ProtocolHandler ["http-nio-8081"]
2024-05-19 10:46:25,114 INFO o.a.j.l.DirectJDKLog [main] Starting service [Tomcat]
2024-05-19 10:46:25,121 INFO o.a.j.l.DirectJDKLog [main] Starting Servlet engine: [Apache Tomcat/10.1.20]
2024-05-19 10:46:25,368 INFO o.a.j.l.DirectJDKLog [main] Initializing Spring embedded WebApplicationContext
2024-05-19 10:46:25,374 INFO o.s.b.w.s.c.ServletWebServerApplicationContext [main] Root WebApplicationContext: initialization completed in 5722 ms
2024-05-19 10:46:26,487 INFO o.h.j.i.u.LogHelper [main] HHH000204: Processing PersistenceUnitInfo [name: default]
2024-05-19 10:46:27,310 INFO o.h.Version [main] HHH000412: Hibernate ORM core version 6.4.4.Final
2024-05-19 10:46:27,444 INFO o.h.c.i.RegionFactoryInitiator [main] HHH000026: Second-level cache disabled
2024-05-19 10:46:28,329 INFO o.s.o.j.p.SpringPersistenceUnitInfo [main] No LoadTimeWeaver setup: ignoring JPA class transformer
2024-05-19 10:46:28,420 INFO c.z.h.HikariDataSource [main] HikariPool-1 - Starting...
2024-05-19 10:46:29,358 INFO c.z.h.p.HikariPool [main] HikariPool-1 - Added connection org.postgresql.jdbc.PgConnection@1805383
2024-05-19 10:46:29,378 INFO c.z.h.HikariDataSource [main] HikariPool-1 - Start completed.
2024-05-19 10:46:29,521 WARN o.h.e.j.d.i.DialectFactoryImpl [main] HHH90000025: PostgreSQLDialect does not need to be specified explicitly using 'hibernate.dialect' (remove the property setting and it will be selected by default)
2024-05-19 10:46:33,061 INFO o.h.e.t.j.p.i.JtaPlatformInitiator [main] HHH000489: No JTA platform available (set 'hibernate.transaction.jta.platform' to enable JTA platform integration)
2024-05-19 10:46:33,380 INFO o.s.o.j.AbstractEntityManagerFactoryBean [main] Initialized JPA EntityManagerFactory for persistence unit 'default'
2024-05-19 10:46:34,451 INFO o.s.d.j.r.q.QueryEnhancerFactory [main] Hibernate is in classpath; If applicable, HQL parser will be used.
2024-05-19 10:46:35,081 WARN o.s.b.a.o.j.JpaBaseConfiguration$JpaWebConfiguration [main] spring.jpa.open-in-view is enabled by default. Therefore, database queries may be performed during view rendering. Explicitly configure spring.jpa.open-in-view to disable this warning
2024-05-19 10:46:36,269 INFO o.a.j.l.DirectJDKLog [main] Starting ProtocolHandler ["http-nio-8081"]
2024-05-19 10:46:36,383 INFO o.s.b.w.e.t.TomcatWebServer [main] Tomcat started on port 8081 (http) with context path ''
2024-05-19 10:46:36,464 INFO o.s.b.StartupInfoLogger [main] Started FBjv24001115Synergy7IndBinfoodCh5Application in 18.941 seconds (process running for 21.013)
2024-05-19 10:46:41,054 INFO o.a.j.l.DirectJDKLog [http-nio-8081-exec-2] Initializing Spring DispatcherServlet 'dispatcherServlet'
2024-05-19 10:46:41,055 INFO o.s.w.s.FrameworkServlet [http-nio-8081-exec-2] Initializing Servlet 'dispatcherServlet'
2024-05-19 10:46:41,058 INFO o.s.w.s.FrameworkServlet [http-nio-8081-exec-2] Completed initialization in 2 ms
2024-05-19 10:49:46,322 INFO o.s.b.StartupInfoLogger [main] Starting FBjv24001115Synergy7IndBinfoodCh5Application using Java 21.0.2 with PID 14908 (E:\Kumpulankoding\java\Synrgy-challenge\F-BJV24001115-synergy7-ind-binfood-ch5\target\classes started by USER in E:\Kumpulankoding\java\Synrgy-challenge\F-BJV24001115-synergy7-ind-binfood-ch5)
2024-05-19 10:49:46,352 INFO o.s.b.SpringApplication [main] No active profile set, falling back to 1 default profile: "default"
2024-05-19 10:49:50,170 INFO o.s.d.r.c.RepositoryConfigurationDelegate [main] Bootstrapping Spring Data JPA repositories in DEFAULT mode.
2024-05-19 10:49:50,420 INFO o.s.d.r.c.RepositoryConfigurationDelegate [main] Finished Spring Data repository scanning in 229 ms. Found 5 JPA repository interfaces.
2024-05-19 10:49:52,185 INFO o.s.b.w.e.t.TomcatWebServer [main] Tomcat initialized with port 8081 (http)
2024-05-19 10:49:52,210 INFO o.a.j.l.DirectJDKLog [main] Initializing ProtocolHandler ["http-nio-8081"]
2024-05-19 10:49:52,225 INFO o.a.j.l.DirectJDKLog [main] Starting service [Tomcat]
2024-05-19 10:49:52,225 INFO o.a.j.l.DirectJDKLog [main] Starting Servlet engine: [Apache Tomcat/10.1.20]
2024-05-19 10:49:52,360 INFO o.a.j.l.DirectJDKLog [main] Initializing Spring embedded WebApplicationContext
2024-05-19 10:49:52,369 INFO o.s.b.w.s.c.ServletWebServerApplicationContext [main] Root WebApplicationContext: initialization completed in 5720 ms
2024-05-19 10:49:52,865 INFO o.h.j.i.u.LogHelper [main] HHH000204: Processing PersistenceUnitInfo [name: default]
2024-05-19 10:49:53,030 INFO o.h.Version [main] HHH000412: Hibernate ORM core version 6.4.4.Final
2024-05-19 10:49:53,152 INFO o.h.c.i.RegionFactoryInitiator [main] HHH000026: Second-level cache disabled
2024-05-19 10:49:53,690 INFO o.s.o.j.p.SpringPersistenceUnitInfo [main] No LoadTimeWeaver setup: ignoring JPA class transformer
2024-05-19 10:49:53,745 INFO c.z.h.HikariDataSource [main] HikariPool-1 - Starting...
2024-05-19 10:49:54,220 INFO c.z.h.p.HikariPool [main] HikariPool-1 - Added connection org.postgresql.jdbc.PgConnection@23afc725
2024-05-19 10:49:54,229 INFO c.z.h.HikariDataSource [main] HikariPool-1 - Start completed.
2024-05-19 10:49:54,319 WARN o.h.e.j.d.i.DialectFactoryImpl [main] HHH90000025: PostgreSQLDialect does not need to be specified explicitly using 'hibernate.dialect' (remove the property setting and it will be selected by default)
2024-05-19 10:49:58,354 INFO o.h.e.t.j.p.i.JtaPlatformInitiator [main] HHH000489: No JTA platform available (set 'hibernate.transaction.jta.platform' to enable JTA platform integration)
2024-05-19 10:49:58,721 INFO o.s.o.j.AbstractEntityManagerFactoryBean [main] Initialized JPA EntityManagerFactory for persistence unit 'default'
2024-05-19 10:50:00,567 INFO o.s.d.j.r.q.QueryEnhancerFactory [main] Hibernate is in classpath; If applicable, HQL parser will be used.
2024-05-19 10:50:01,183 WARN o.s.b.a.o.j.JpaBaseConfiguration$JpaWebConfiguration [main] spring.jpa.open-in-view is enabled by default. Therefore, database queries may be performed during view rendering. Explicitly configure spring.jpa.open-in-view to disable this warning
2024-05-19 10:50:03,021 INFO o.a.j.l.DirectJDKLog [main] Starting ProtocolHandler ["http-nio-8081"]
2024-05-19 10:50:03,157 INFO o.s.b.w.e.t.TomcatWebServer [main] Tomcat started on port 8081 (http) with context path ''
2024-05-19 10:50:03,233 INFO o.s.b.StartupInfoLogger [main] Started FBjv24001115Synergy7IndBinfoodCh5Application in 19.977 seconds (process running for 21.585)
2024-05-19 10:51:00,229 INFO o.s.b.StartupInfoLogger [main] Starting FBjv24001115Synergy7IndBinfoodCh5Application using Java 21.0.2 with PID 16292 (E:\Kumpulankoding\java\Synrgy-challenge\F-BJV24001115-synergy7-ind-binfood-ch5\target\classes started by USER in E:\Kumpulankoding\java\Synrgy-challenge\F-BJV24001115-synergy7-ind-binfood-ch5)
2024-05-19 10:51:00,239 INFO o.s.b.SpringApplication [main] No active profile set, falling back to 1 default profile: "default"
2024-05-19 10:51:02,160 INFO o.s.d.r.c.RepositoryConfigurationDelegate [main] Bootstrapping Spring Data JPA repositories in DEFAULT mode.
2024-05-19 10:51:02,473 INFO o.s.d.r.c.RepositoryConfigurationDelegate [main] Finished Spring Data repository scanning in 281 ms. Found 5 JPA repository interfaces.
2024-05-19 10:51:03,939 INFO o.s.b.w.e.t.TomcatWebServer [main] Tomcat initialized with port 8081 (http)
2024-05-19 10:51:03,971 INFO o.a.j.l.DirectJDKLog [main] Initializing ProtocolHandler ["http-nio-8081"]
2024-05-19 10:51:03,984 INFO o.a.j.l.DirectJDKLog [main] Starting service [Tomcat]
2024-05-19 10:51:03,984 INFO o.a.j.l.DirectJDKLog [main] Starting Servlet engine: [Apache Tomcat/10.1.20]
2024-05-19 10:51:04,159 INFO o.a.j.l.DirectJDKLog [main] Initializing Spring embedded WebApplicationContext
2024-05-19 10:51:04,159 INFO o.s.b.w.s.c.ServletWebServerApplicationContext [main] Root WebApplicationContext: initialization completed in 3761 ms
2024-05-19 10:51:04,579 INFO o.h.j.i.u.LogHelper [main] HHH000204: Processing PersistenceUnitInfo [name: default]
2024-05-19 10:51:04,754 INFO o.h.Version [main] HHH000412: Hibernate ORM core version 6.4.4.Final
2024-05-19 10:51:04,856 INFO o.h.c.i.RegionFactoryInitiator [main] HHH000026: Second-level cache disabled
2024-05-19 10:51:05,399 INFO o.s.o.j.p.SpringPersistenceUnitInfo [main] No LoadTimeWeaver setup: ignoring JPA class transformer
2024-05-19 10:51:05,493 INFO c.z.h.HikariDataSource [main] HikariPool-1 - Starting...
2024-05-19 10:51:06,150 INFO c.z.h.p.HikariPool [main] HikariPool-1 - Added connection org.postgresql.jdbc.PgConnection@12365bd8
2024-05-19 10:51:06,150 INFO c.z.h.HikariDataSource [main] HikariPool-1 - Start completed.
2024-05-19 10:51:06,228 WARN o.h.e.j.d.i.DialectFactoryImpl [main] HHH90000025: PostgreSQLDialect does not need to be specified explicitly using 'hibernate.dialect' (remove the property setting and it will be selected by default)
2024-05-19 10:51:08,589 INFO o.h.e.t.j.p.i.JtaPlatformInitiator [main] HHH000489: No JTA platform available (set 'hibernate.transaction.jta.platform' to enable JTA platform integration)
2024-05-19 10:51:08,795 INFO o.s.o.j.AbstractEntityManagerFactoryBean [main] Initialized JPA EntityManagerFactory for persistence unit 'default'
2024-05-19 10:51:09,473 INFO o.s.d.j.r.q.QueryEnhancerFactory [main] Hibernate is in classpath; If applicable, HQL parser will be used.
2024-05-19 10:51:09,923 WARN o.s.b.a.o.j.JpaBaseConfiguration$JpaWebConfiguration [main] spring.jpa.open-in-view is enabled by default. Therefore, database queries may be performed during view rendering. Explicitly configure spring.jpa.open-in-view to disable this warning
2024-05-19 10:51:10,906 INFO o.a.j.l.DirectJDKLog [main] Starting ProtocolHandler ["http-nio-8081"]
2024-05-19 10:51:10,999 INFO o.s.b.w.e.t.TomcatWebServer [main] Tomcat started on port 8081 (http) with context path ''
2024-05-19 10:51:11,046 INFO o.s.b.StartupInfoLogger [main] Started FBjv24001115Synergy7IndBinfoodCh5Application in 12.1 seconds (process running for 13.063)
2024-05-19 10:52:24,352 INFO o.a.j.l.DirectJDKLog [http-nio-8081-exec-2] Initializing Spring DispatcherServlet 'dispatcherServlet'
2024-05-19 10:52:24,353 INFO o.s.w.s.FrameworkServlet [http-nio-8081-exec-2] Initializing Servlet 'dispatcherServlet'
2024-05-19 10:52:24,355 INFO o.s.w.s.FrameworkServlet [http-nio-8081-exec-2] Completed initialization in 2 ms
2024-05-19 10:55:34,091 WARN o.s.w.s.m.s.DefaultHandlerExceptionResolver [http-nio-8081-exec-7] Ignoring exception, response committed already: org.springframework.http.converter.HttpMessageNotWritableException: Could not write JSON: Infinite recursion (StackOverflowError)
2024-05-19 10:55:34,093 WARN o.s.w.s.h.AbstractHandlerExceptionResolver [http-nio-8081-exec-7] Resolved [org.springframework.http.converter.HttpMessageNotWritableException: Could not write JSON: Infinite recursion (StackOverflowError)]
2024-05-19 10:56:04,257 INFO c.e.F.s.OrderServiceImpl [http-nio-8081-exec-8] [32mBerhasil Menghapus Data[0m
2024-05-19 12:30:45,903 WARN c.z.h.p.HikariPool$HouseKeeper [HikariPool-1 housekeeper] HikariPool-1 - Thread starvation or clock leap detected (housekeeper delta=1h9m39s191ms515µs600ns).
2024-05-19 12:31:20,552 ERROR c.e.F.s.OrderServiceImpl [http-nio-8081-exec-1] [31mData Tidak Ditemukan[0m
2024-05-19 13:26:58,611 WARN c.z.h.p.HikariPool$HouseKeeper [HikariPool-1 housekeeper] HikariPool-1 - Thread starvation or clock leap detected (housekeeper delta=30m42s239ms388µs600ns).
2024-05-19 16:21:47,333 WARN c.z.h.p.HikariPool$HouseKeeper [HikariPool-1 housekeeper] HikariPool-1 - Thread starvation or clock leap detected (housekeeper delta=1h41m47s515ms856µs100ns).
2024-05-19 18:54:25,400 WARN c.z.h.p.HikariPool$HouseKeeper [HikariPool-1 housekeeper] HikariPool-1 - Thread starvation or clock leap detected (housekeeper delta=1h58m37s307ms577µs800ns).
2024-05-19 20:18:50,390 INFO o.s.b.StartupInfoLogger [main] Starting FBjv24001115Synergy7IndBinfoodCh5Application using Java 21.0.2 with PID 5620 (E:\Kumpulankoding\java\Synrgy-challenge\F-BJV24001115-synergy7-ind-binfood-ch5\target\classes started by USER in E:\Kumpulankoding\java\Synrgy-challenge\F-BJV24001115-synergy7-ind-binfood-ch5)
2024-05-19 20:18:50,399 INFO o.s.b.SpringApplication [main] No active profile set, falling back to 1 default profile: "default"
2024-05-19 20:18:52,603 INFO o.s.d.r.c.RepositoryConfigurationDelegate [main] Bootstrapping Spring Data JPA repositories in DEFAULT mode.
2024-05-19 20:18:52,945 INFO o.s.d.r.c.RepositoryConfigurationDelegate [main] Finished Spring Data repository scanning in 197 ms. Found 5 JPA repository interfaces.
2024-05-19 20:18:54,484 INFO o.s.b.w.e.t.TomcatWebServer [main] Tomcat initialized with port 8081 (http)
2024-05-19 20:18:54,580 INFO o.a.j.l.DirectJDKLog [main] Initializing ProtocolHandler ["http-nio-8081"]
2024-05-19 20:18:54,619 INFO o.a.j.l.DirectJDKLog [main] Starting service [Tomcat]
2024-05-19 20:18:54,629 INFO o.a.j.l.DirectJDKLog [main] Starting Servlet engine: [Apache Tomcat/10.1.20]
2024-05-19 20:18:54,810 INFO o.a.j.l.DirectJDKLog [main] Initializing Spring embedded WebApplicationContext
2024-05-19 20:18:54,810 INFO o.s.b.w.s.c.ServletWebServerApplicationContext [main] Root WebApplicationContext: initialization completed in 4287 ms
2024-05-19 20:18:55,199 INFO o.h.j.i.u.LogHelper [main] HHH000204: Processing PersistenceUnitInfo [name: default]
2024-05-19 20:18:55,349 INFO o.h.Version [main] HHH000412: Hibernate ORM core version 6.4.4.Final
2024-05-19 20:18:55,450 INFO o.h.c.i.RegionFactoryInitiator [main] HHH000026: Second-level cache disabled
2024-05-19 20:18:56,138 INFO o.s.o.j.p.SpringPersistenceUnitInfo [main] No LoadTimeWeaver setup: ignoring JPA class transformer
2024-05-19 20:18:56,200 INFO c.z.h.HikariDataSource [main] HikariPool-1 - Starting...
2024-05-19 20:18:56,703 INFO c.z.h.p.HikariPool [main] HikariPool-1 - Added connection org.postgresql.jdbc.PgConnection@7e58f697
2024-05-19 20:18:56,799 INFO c.z.h.HikariDataSource [main] HikariPool-1 - Start completed.
2024-05-19 20:18:56,900 WARN o.h.e.j.d.i.DialectFactoryImpl [main] HHH90000025: PostgreSQLDialect does not need to be specified explicitly using 'hibernate.dialect' (remove the property setting and it will be selected by default)
2024-05-19 20:18:59,763 INFO o.h.e.t.j.p.i.JtaPlatformInitiator [main] HHH000489: No JTA platform available (set 'hibernate.transaction.jta.platform' to enable JTA platform integration)
2024-05-19 20:19:00,001 INFO o.s.o.j.AbstractEntityManagerFactoryBean [main] Initialized JPA EntityManagerFactory for persistence unit 'default'
2024-05-19 20:19:00,889 INFO o.s.d.j.r.q.QueryEnhancerFactory [main] Hibernate is in classpath; If applicable, HQL parser will be used.
2024-05-19 20:19:01,341 WARN o.s.b.a.o.j.JpaBaseConfiguration$JpaWebConfiguration [main] spring.jpa.open-in-view is enabled by default. Therefore, database queries may be performed during view rendering. Explicitly configure spring.jpa.open-in-view to disable this warning
2024-05-19 20:19:02,492 INFO o.a.j.l.DirectJDKLog [main] Starting ProtocolHandler ["http-nio-8081"]
2024-05-19 20:19:02,628 INFO o.s.b.w.e.t.TomcatWebServer [main] Tomcat started on port 8081 (http) with context path ''
2024-05-19 20:19:02,759 INFO o.s.b.StartupInfoLogger [main] Started FBjv24001115Synergy7IndBinfoodCh5Application in 13.869 seconds (process running for 14.744)
2024-05-19 20:30:22,528 INFO o.a.j.l.DirectJDKLog [http-nio-8081-exec-1] Initializing Spring DispatcherServlet 'dispatcherServlet'
2024-05-19 20:30:22,529 INFO o.s.w.s.FrameworkServlet [http-nio-8081-exec-1] Initializing Servlet 'dispatcherServlet'
2024-05-19 20:30:22,534 INFO o.s.w.s.FrameworkServlet [http-nio-8081-exec-1] Completed initialization in 1 ms
2024-05-19 20:30:22,818 ERROR c.e.F.s.UserServiceImpl [http-nio-8081-exec-1] [31mData Tidak Ditemukan[0m
2024-05-19 20:30:22,826 ERROR o.a.j.l.DirectJDKLog [http-nio-8081-exec-1] Servlet.service() for servlet [dispatcherServlet] in context with path [] threw exception [Request processing failed: java.lang.IllegalArgumentException: source cannot be null] with root cause
java.lang.IllegalArgumentException: source cannot be null
	at org.modelmapper.internal.util.Assert.notNull(Assert.java:53)
	at org.modelmapper.ModelMapper.map(ModelMapper.java:420)
	at com.example.FBJV24001115synergy7indbinfoodch5.controllers.OrderController.createdOrder(OrderController.java:57)
	at java.base/jdk.internal.reflect.DirectMethodHandleAccessor.invoke(DirectMethodHandleAccessor.java:103)
	at java.base/java.lang.reflect.Method.invoke(Method.java:580)
	at org.springframework.web.method.support.InvocableHandlerMethod.doInvoke(InvocableHandlerMethod.java:255)
	at org.springframework.web.method.support.InvocableHandlerMethod.invokeForRequest(InvocableHandlerMethod.java:188)
	at org.springframework.web.servlet.mvc.method.annotation.ServletInvocableHandlerMethod.invokeAndHandle(ServletInvocableHandlerMethod.java:118)
	at org.springframework.web.servlet.mvc.method.annotation.RequestMappingHandlerAdapter.invokeHandlerMethod(RequestMappingHandlerAdapter.java:926)
	at org.springframework.web.servlet.mvc.method.annotation.RequestMappingHandlerAdapter.handleInternal(RequestMappingHandlerAdapter.java:831)
	at org.springframework.web.servlet.mvc.method.AbstractHandlerMethodAdapter.handle(AbstractHandlerMethodAdapter.java:87)
	at org.springframework.web.servlet.DispatcherServlet.doDispatch(DispatcherServlet.java:1089)
	at org.springframework.web.servlet.DispatcherServlet.doService(DispatcherServlet.java:979)
	at org.springframework.web.servlet.FrameworkServlet.processRequest(FrameworkServlet.java:1014)
	at org.springframework.web.servlet.FrameworkServlet.doPost(FrameworkServlet.java:914)
	at jakarta.servlet.http.HttpServlet.service(HttpServlet.java:590)
	at org.springframework.web.servlet.FrameworkServlet.service(FrameworkServlet.java:885)
	at jakarta.servlet.http.HttpServlet.service(HttpServlet.java:658)
	at org.apache.catalina.core.ApplicationFilterChain.internalDoFilter(ApplicationFilterChain.java:206)
	at org.apache.catalina.core.ApplicationFilterChain.doFilter(ApplicationFilterChain.java:150)
	at org.apache.tomcat.websocket.server.WsFilter.doFilter(WsFilter.java:51)
	at org.apache.catalina.core.ApplicationFilterChain.internalDoFilter(ApplicationFilterChain.java:175)
	at org.apache.catalina.core.ApplicationFilterChain.doFilter(ApplicationFilterChain.java:150)
	at org.springframework.web.filter.RequestContextFilter.doFilterInternal(RequestContextFilter.java:100)
	at org.springframework.web.filter.OncePerRequestFilter.doFilter(OncePerRequestFilter.java:116)
	at org.apache.catalina.core.ApplicationFilterChain.internalDoFilter(ApplicationFilterChain.java:175)
	at org.apache.catalina.core.ApplicationFilterChain.doFilter(ApplicationFilterChain.java:150)
	at org.springframework.web.filter.FormContentFilter.doFilterInternal(FormContentFilter.java:93)
	at org.springframework.web.filter.OncePerRequestFilter.doFilter(OncePerRequestFilter.java:116)
	at org.apache.catalina.core.ApplicationFilterChain.internalDoFilter(ApplicationFilterChain.java:175)
	at org.apache.catalina.core.ApplicationFilterChain.doFilter(ApplicationFilterChain.java:150)
	at org.springframework.web.filter.CharacterEncodingFilter.doFilterInternal(CharacterEncodingFilter.java:201)
	at org.springframework.web.filter.OncePerRequestFilter.doFilter(OncePerRequestFilter.java:116)
	at org.apache.catalina.core.ApplicationFilterChain.internalDoFilter(ApplicationFilterChain.java:175)
	at org.apache.catalina.core.ApplicationFilterChain.doFilter(ApplicationFilterChain.java:150)
	at org.apache.catalina.core.StandardWrapperValve.invoke(StandardWrapperValve.java:167)
	at org.apache.catalina.core.StandardContextValve.invoke(StandardContextValve.java:90)
	at org.apache.catalina.authenticator.AuthenticatorBase.invoke(AuthenticatorBase.java:482)
	at org.apache.catalina.core.StandardHostValve.invoke(StandardHostValve.java:115)
	at org.apache.catalina.valves.ErrorReportValve.invoke(ErrorReportValve.java:93)
	at org.apache.catalina.core.StandardEngineValve.invoke(StandardEngineValve.java:74)
	at org.apache.catalina.connector.CoyoteAdapter.service(CoyoteAdapter.java:344)
	at org.apache.coyote.http11.Http11Processor.service(Http11Processor.java:391)
	at org.apache.coyote.AbstractProcessorLight.process(AbstractProcessorLight.java:63)
	at org.apache.coyote.AbstractProtocol$ConnectionHandler.process(AbstractProtocol.java:896)
	at org.apache.tomcat.util.net.NioEndpoint$SocketProcessor.doRun(NioEndpoint.java:1736)
	at org.apache.tomcat.util.net.SocketProcessorBase.run(SocketProcessorBase.java:52)
	at org.apache.tomcat.util.threads.ThreadPoolExecutor.runWorker(ThreadPoolExecutor.java:1191)
	at org.apache.tomcat.util.threads.ThreadPoolExecutor$Worker.run(ThreadPoolExecutor.java:659)
	at org.apache.tomcat.util.threads.TaskThread$WrappingRunnable.run(TaskThread.java:63)
	at java.base/java.lang.Thread.run(Thread.java:1583)
2024-05-19 20:30:59,054 INFO c.e.F.s.OrderServiceImpl [http-nio-8081-exec-4] [32mBerhasil Menambahkan Data[0m
2024-05-19 20:32:44,161 INFO c.e.F.s.OrderDetailServiceImpl [http-nio-8081-exec-7] [32mBerhasil Menambahkan Data[0m
2024-05-19 20:34:16,668 INFO c.e.F.s.OrderDetailServiceImpl [http-nio-8081-exec-9] [32mBerhasil Menghapus Data[0m
2024-05-19 20:34:26,594 INFO c.e.F.s.OrderDetailServiceImpl [http-nio-8081-exec-2] [32mBerhasil Menambahkan Data[0m
2024-05-19 20:34:53,744 INFO o.s.b.StartupInfoLogger [main] Starting FBjv24001115Synergy7IndBinfoodCh5Application using Java 21.0.2 with PID 18284 (E:\Kumpulankoding\java\Synrgy-challenge\F-BJV24001115-synergy7-ind-binfood-ch5\target\classes started by USER in E:\Kumpulankoding\java\Synrgy-challenge\F-BJV24001115-synergy7-ind-binfood-ch5)
2024-05-19 20:34:53,744 INFO o.s.b.SpringApplication [main] No active profile set, falling back to 1 default profile: "default"
2024-05-19 20:34:55,865 INFO o.s.d.r.c.RepositoryConfigurationDelegate [main] Bootstrapping Spring Data JPA repositories in DEFAULT mode.
2024-05-19 20:34:56,243 INFO o.s.d.r.c.RepositoryConfigurationDelegate [main] Finished Spring Data repository scanning in 354 ms. Found 5 JPA repository interfaces.
2024-05-19 20:34:58,448 INFO o.s.b.w.e.t.TomcatWebServer [main] Tomcat initialized with port 8081 (http)
2024-05-19 20:34:58,470 INFO o.a.j.l.DirectJDKLog [main] Initializing ProtocolHandler ["http-nio-8081"]
2024-05-19 20:34:58,476 INFO o.a.j.l.DirectJDKLog [main] Starting service [Tomcat]
2024-05-19 20:34:58,477 INFO o.a.j.l.DirectJDKLog [main] Starting Servlet engine: [Apache Tomcat/10.1.20]
2024-05-19 20:34:58,596 INFO o.a.j.l.DirectJDKLog [main] Initializing Spring embedded WebApplicationContext
2024-05-19 20:34:58,599 INFO o.s.b.w.s.c.ServletWebServerApplicationContext [main] Root WebApplicationContext: initialization completed in 4723 ms
2024-05-19 20:34:59,005 INFO o.h.j.i.u.LogHelper [main] HHH000204: Processing PersistenceUnitInfo [name: default]
2024-05-19 20:34:59,285 INFO o.h.Version [main] HHH000412: Hibernate ORM core version 6.4.4.Final
2024-05-19 20:34:59,400 INFO o.h.c.i.RegionFactoryInitiator [main] HHH000026: Second-level cache disabled
2024-05-19 20:34:59,788 INFO o.s.o.j.p.SpringPersistenceUnitInfo [main] No LoadTimeWeaver setup: ignoring JPA class transformer
2024-05-19 20:34:59,871 INFO c.z.h.HikariDataSource [main] HikariPool-1 - Starting...
2024-05-19 20:35:00,495 INFO c.z.h.p.HikariPool [main] HikariPool-1 - Added connection org.postgresql.jdbc.PgConnection@3eac2e8a
2024-05-19 20:35:00,503 INFO c.z.h.HikariDataSource [main] HikariPool-1 - Start completed.
2024-05-19 20:35:00,565 WARN o.h.e.j.d.i.DialectFactoryImpl [main] HHH90000025: PostgreSQLDialect does not need to be specified explicitly using 'hibernate.dialect' (remove the property setting and it will be selected by default)
2024-05-19 20:35:03,474 INFO o.h.e.t.j.p.i.JtaPlatformInitiator [main] HHH000489: No JTA platform available (set 'hibernate.transaction.jta.platform' to enable JTA platform integration)
2024-05-19 20:35:03,665 INFO o.s.o.j.AbstractEntityManagerFactoryBean [main] Initialized JPA EntityManagerFactory for persistence unit 'default'
2024-05-19 20:35:04,637 INFO o.s.d.j.r.q.QueryEnhancerFactory [main] Hibernate is in classpath; If applicable, HQL parser will be used.
2024-05-19 20:35:05,456 WARN o.s.b.a.o.j.JpaBaseConfiguration$JpaWebConfiguration [main] spring.jpa.open-in-view is enabled by default. Therefore, database queries may be performed during view rendering. Explicitly configure spring.jpa.open-in-view to disable this warning
2024-05-19 20:35:06,595 INFO o.a.j.l.DirectJDKLog [main] Starting ProtocolHandler ["http-nio-8081"]
2024-05-19 20:35:06,689 INFO o.s.b.w.e.t.TomcatWebServer [main] Tomcat started on port 8081 (http) with context path ''
2024-05-19 20:35:06,773 INFO o.s.b.StartupInfoLogger [main] Started FBjv24001115Synergy7IndBinfoodCh5Application in 14.378 seconds (process running for 15.301)
2024-05-19 20:35:10,715 INFO o.a.j.l.DirectJDKLog [http-nio-8081-exec-3] Initializing Spring DispatcherServlet 'dispatcherServlet'
2024-05-19 20:35:10,715 INFO o.s.w.s.FrameworkServlet [http-nio-8081-exec-3] Initializing Servlet 'dispatcherServlet'
2024-05-19 20:35:10,724 INFO o.s.w.s.FrameworkServlet [http-nio-8081-exec-3] Completed initialization in 1 ms
2024-05-19 20:35:11,194 INFO c.e.F.s.OrderDetailServiceImpl [http-nio-8081-exec-3] [32mBerhasil Menghapus Data[0m
2024-05-19 20:35:20,055 INFO c.e.F.s.OrderDetailServiceImpl [http-nio-8081-exec-4] [32mBerhasil Menambahkan Data[0m
2024-05-19 20:56:27,602 INFO o.s.b.StartupInfoLogger [main] Starting FBjv24001115Synergy7IndBinfoodCh5Application using Java 21.0.2 with PID 6100 (E:\Kumpulankoding\java\Synrgy-challenge\F-BJV24001115-synergy7-ind-binfood-ch5\target\classes started by USER in E:\Kumpulankoding\java\Synrgy-challenge\F-BJV24001115-synergy7-ind-binfood-ch5)
2024-05-19 20:56:27,608 INFO o.s.b.SpringApplication [main] No active profile set, falling back to 1 default profile: "default"
2024-05-19 20:56:30,414 INFO o.s.d.r.c.RepositoryConfigurationDelegate [main] Bootstrapping Spring Data JPA repositories in DEFAULT mode.
2024-05-19 20:56:30,723 INFO o.s.d.r.c.RepositoryConfigurationDelegate [main] Finished Spring Data repository scanning in 242 ms. Found 5 JPA repository interfaces.
2024-05-19 20:56:32,811 INFO o.s.b.w.e.t.TomcatWebServer [main] Tomcat initialized with port 8081 (http)
2024-05-19 20:56:32,847 INFO o.a.j.l.DirectJDKLog [main] Initializing ProtocolHandler ["http-nio-8081"]
2024-05-19 20:56:32,859 INFO o.a.j.l.DirectJDKLog [main] Starting service [Tomcat]
2024-05-19 20:56:32,869 INFO o.a.j.l.DirectJDKLog [main] Starting Servlet engine: [Apache Tomcat/10.1.20]
2024-05-19 20:56:33,078 INFO o.a.j.l.DirectJDKLog [main] Initializing Spring embedded WebApplicationContext
2024-05-19 20:56:33,116 INFO o.s.b.w.s.c.ServletWebServerApplicationContext [main] Root WebApplicationContext: initialization completed in 5383 ms
2024-05-19 20:56:33,833 INFO o.h.j.i.u.LogHelper [main] HHH000204: Processing PersistenceUnitInfo [name: default]
2024-05-19 20:56:34,210 INFO o.h.Version [main] HHH000412: Hibernate ORM core version 6.4.4.Final
2024-05-19 20:56:34,321 INFO o.h.c.i.RegionFactoryInitiator [main] HHH000026: Second-level cache disabled
2024-05-19 20:56:34,934 INFO o.s.o.j.p.SpringPersistenceUnitInfo [main] No LoadTimeWeaver setup: ignoring JPA class transformer
2024-05-19 20:56:35,035 INFO c.z.h.HikariDataSource [main] HikariPool-1 - Starting...
2024-05-19 20:56:35,871 INFO c.z.h.p.HikariPool [main] HikariPool-1 - Added connection org.postgresql.jdbc.PgConnection@7e848aea
2024-05-19 20:56:35,876 INFO c.z.h.HikariDataSource [main] HikariPool-1 - Start completed.
2024-05-19 20:56:35,983 WARN o.h.e.j.d.i.DialectFactoryImpl [main] HHH90000025: PostgreSQLDialect does not need to be specified explicitly using 'hibernate.dialect' (remove the property setting and it will be selected by default)
2024-05-19 20:56:39,577 INFO o.h.e.t.j.p.i.JtaPlatformInitiator [main] HHH000489: No JTA platform available (set 'hibernate.transaction.jta.platform' to enable JTA platform integration)
2024-05-19 20:56:39,935 INFO o.s.o.j.AbstractEntityManagerFactoryBean [main] Initialized JPA EntityManagerFactory for persistence unit 'default'
2024-05-19 20:56:42,160 INFO o.s.d.j.r.q.QueryEnhancerFactory [main] Hibernate is in classpath; If applicable, HQL parser will be used.
2024-05-19 20:56:42,788 WARN o.s.b.a.o.j.JpaBaseConfiguration$JpaWebConfiguration [main] spring.jpa.open-in-view is enabled by default. Therefore, database queries may be performed during view rendering. Explicitly configure spring.jpa.open-in-view to disable this warning
2024-05-19 20:56:44,801 INFO o.a.j.l.DirectJDKLog [main] Starting ProtocolHandler ["http-nio-8081"]
2024-05-19 20:56:45,002 INFO o.s.b.w.e.t.TomcatWebServer [main] Tomcat started on port 8081 (http) with context path ''
2024-05-19 20:56:45,102 INFO o.s.b.StartupInfoLogger [main] Started FBjv24001115Synergy7IndBinfoodCh5Application in 19.124 seconds (process running for 20.611)
2024-05-19 20:57:13,285 INFO o.a.j.l.DirectJDKLog [http-nio-8081-exec-1] Initializing Spring DispatcherServlet 'dispatcherServlet'
2024-05-19 20:57:13,286 INFO o.s.w.s.FrameworkServlet [http-nio-8081-exec-1] Initializing Servlet 'dispatcherServlet'
2024-05-19 20:57:13,289 INFO o.s.w.s.FrameworkServlet [http-nio-8081-exec-1] Completed initialization in 2 ms
2024-05-19 20:57:13,819 INFO c.e.F.s.OrderDetailServiceImpl [http-nio-8081-exec-1] [32mBerhasil Mengubah Data[0m
2024-05-19 20:57:14,191 WARN o.s.w.s.m.s.DefaultHandlerExceptionResolver [http-nio-8081-exec-1] Ignoring exception, response committed already: org.springframework.http.converter.HttpMessageNotWritableException: Could not write JSON: Infinite recursion (StackOverflowError)
2024-05-19 20:57:14,225 WARN o.s.w.s.h.AbstractHandlerExceptionResolver [http-nio-8081-exec-1] Resolved [org.springframework.http.converter.HttpMessageNotWritableException: Could not write JSON: Infinite recursion (StackOverflowError)]
2024-05-19 21:06:49,697 INFO o.s.b.StartupInfoLogger [main] Starting FBjv24001115Synergy7IndBinfoodCh5Application using Java 21.0.2 with PID 12536 (E:\Kumpulankoding\java\Synrgy-challenge\F-BJV24001115-synergy7-ind-binfood-ch5\target\classes started by USER in E:\Kumpulankoding\java\Synrgy-challenge\F-BJV24001115-synergy7-ind-binfood-ch5)
2024-05-19 21:06:49,702 INFO o.s.b.SpringApplication [main] No active profile set, falling back to 1 default profile: "default"
2024-05-19 21:06:51,824 INFO o.s.d.r.c.RepositoryConfigurationDelegate [main] Bootstrapping Spring Data JPA repositories in DEFAULT mode.
2024-05-19 21:06:52,221 INFO o.s.d.r.c.RepositoryConfigurationDelegate [main] Finished Spring Data repository scanning in 349 ms. Found 5 JPA repository interfaces.
2024-05-19 21:06:53,917 INFO o.s.b.w.e.t.TomcatWebServer [main] Tomcat initialized with port 8081 (http)
2024-05-19 21:06:53,939 INFO o.a.j.l.DirectJDKLog [main] Initializing ProtocolHandler ["http-nio-8081"]
2024-05-19 21:06:53,947 INFO o.a.j.l.DirectJDKLog [main] Starting service [Tomcat]
2024-05-19 21:06:53,948 INFO o.a.j.l.DirectJDKLog [main] Starting Servlet engine: [Apache Tomcat/10.1.20]
2024-05-19 21:06:54,069 INFO o.a.j.l.DirectJDKLog [main] Initializing Spring embedded WebApplicationContext
2024-05-19 21:06:54,072 INFO o.s.b.w.s.c.ServletWebServerApplicationContext [main] Root WebApplicationContext: initialization completed in 4255 ms
2024-05-19 21:06:55,863 INFO o.h.j.i.u.LogHelper [main] HHH000204: Processing PersistenceUnitInfo [name: default]
2024-05-19 21:06:55,980 INFO o.h.Version [main] HHH000412: Hibernate ORM core version 6.4.4.Final
2024-05-19 21:06:56,100 INFO o.h.c.i.RegionFactoryInitiator [main] HHH000026: Second-level cache disabled
2024-05-19 21:06:56,910 INFO o.s.o.j.p.SpringPersistenceUnitInfo [main] No LoadTimeWeaver setup: ignoring JPA class transformer
2024-05-19 21:06:57,040 INFO c.z.h.HikariDataSource [main] HikariPool-1 - Starting...
2024-05-19 21:06:57,988 INFO c.z.h.p.HikariPool [main] HikariPool-1 - Added connection org.postgresql.jdbc.PgConnection@3e2d44f3
2024-05-19 21:06:57,992 INFO c.z.h.HikariDataSource [main] HikariPool-1 - Start completed.
2024-05-19 21:06:58,098 WARN o.h.e.j.d.i.DialectFactoryImpl [main] HHH90000025: PostgreSQLDialect does not need to be specified explicitly using 'hibernate.dialect' (remove the property setting and it will be selected by default)
2024-05-19 21:07:01,970 INFO o.h.e.t.j.p.i.JtaPlatformInitiator [main] HHH000489: No JTA platform available (set 'hibernate.transaction.jta.platform' to enable JTA platform integration)
2024-05-19 21:07:02,319 INFO o.s.o.j.AbstractEntityManagerFactoryBean [main] Initialized JPA EntityManagerFactory for persistence unit 'default'
2024-05-19 21:07:03,362 INFO o.s.d.j.r.q.QueryEnhancerFactory [main] Hibernate is in classpath; If applicable, HQL parser will be used.
2024-05-19 21:07:04,040 WARN o.s.b.a.o.j.JpaBaseConfiguration$JpaWebConfiguration [main] spring.jpa.open-in-view is enabled by default. Therefore, database queries may be performed during view rendering. Explicitly configure spring.jpa.open-in-view to disable this warning
2024-05-19 21:07:05,549 INFO o.a.j.l.DirectJDKLog [main] Starting ProtocolHandler ["http-nio-8081"]
2024-05-19 21:07:05,735 INFO o.s.b.w.e.t.TomcatWebServer [main] Tomcat started on port 8081 (http) with context path ''
2024-05-19 21:07:05,910 INFO o.s.b.StartupInfoLogger [main] Started FBjv24001115Synergy7IndBinfoodCh5Application in 17.9 seconds (process running for 18.688)
2024-05-19 21:07:36,340 INFO o.a.j.l.DirectJDKLog [http-nio-8081-exec-2] Initializing Spring DispatcherServlet 'dispatcherServlet'
2024-05-19 21:07:36,420 INFO o.s.w.s.FrameworkServlet [http-nio-8081-exec-2] Initializing Servlet 'dispatcherServlet'
2024-05-19 21:07:36,484 INFO o.s.w.s.FrameworkServlet [http-nio-8081-exec-2] Completed initialization in 6 ms
2024-05-19 21:07:37,640 INFO c.e.F.s.OrderDetailServiceImpl [http-nio-8081-exec-2] [32mBerhasil Mengubah Data[0m
2024-05-19 21:07:37,929 WARN o.s.w.s.m.s.DefaultHandlerExceptionResolver [http-nio-8081-exec-2] Ignoring exception, response committed already: org.springframework.http.converter.HttpMessageNotWritableException: Could not write JSON: Infinite recursion (StackOverflowError)
2024-05-19 21:07:37,929 WARN o.s.w.s.h.AbstractHandlerExceptionResolver [http-nio-8081-exec-2] Resolved [org.springframework.http.converter.HttpMessageNotWritableException: Could not write JSON: Infinite recursion (StackOverflowError)]
2024-05-19 21:08:26,484 INFO o.s.b.StartupInfoLogger [main] Starting FBjv24001115Synergy7IndBinfoodCh5Application using Java 21.0.2 with PID 15908 (E:\Kumpulankoding\java\Synrgy-challenge\F-BJV24001115-synergy7-ind-binfood-ch5\target\classes started by USER in E:\Kumpulankoding\java\Synrgy-challenge\F-BJV24001115-synergy7-ind-binfood-ch5)
2024-05-19 21:08:26,550 INFO o.s.b.SpringApplication [main] No active profile set, falling back to 1 default profile: "default"
2024-05-19 21:08:29,057 INFO o.s.d.r.c.RepositoryConfigurationDelegate [main] Bootstrapping Spring Data JPA repositories in DEFAULT mode.
2024-05-19 21:08:29,479 INFO o.s.d.r.c.RepositoryConfigurationDelegate [main] Finished Spring Data repository scanning in 406 ms. Found 5 JPA repository interfaces.
2024-05-19 21:08:31,079 INFO o.s.b.w.e.t.TomcatWebServer [main] Tomcat initialized with port 8081 (http)
2024-05-19 21:08:31,108 INFO o.a.j.l.DirectJDKLog [main] Initializing ProtocolHandler ["http-nio-8081"]
2024-05-19 21:08:31,109 INFO o.a.j.l.DirectJDKLog [main] Starting service [Tomcat]
2024-05-19 21:08:31,109 INFO o.a.j.l.DirectJDKLog [main] Starting Servlet engine: [Apache Tomcat/10.1.20]
2024-05-19 21:08:31,310 INFO o.a.j.l.DirectJDKLog [main] Initializing Spring embedded WebApplicationContext
2024-05-19 21:08:31,322 INFO o.s.b.w.s.c.ServletWebServerApplicationContext [main] Root WebApplicationContext: initialization completed in 4595 ms
2024-05-19 21:08:32,232 INFO o.h.j.i.u.LogHelper [main] HHH000204: Processing PersistenceUnitInfo [name: default]
2024-05-19 21:08:32,578 INFO o.h.Version [main] HHH000412: Hibernate ORM core version 6.4.4.Final
2024-05-19 21:08:32,702 INFO o.h.c.i.RegionFactoryInitiator [main] HHH000026: Second-level cache disabled
2024-05-19 21:08:33,349 INFO o.s.o.j.p.SpringPersistenceUnitInfo [main] No LoadTimeWeaver setup: ignoring JPA class transformer
2024-05-19 21:08:33,452 INFO c.z.h.HikariDataSource [main] HikariPool-1 - Starting...
2024-05-19 21:08:34,040 INFO c.z.h.p.HikariPool [main] HikariPool-1 - Added connection org.postgresql.jdbc.PgConnection@7e848aea
2024-05-19 21:08:34,043 INFO c.z.h.HikariDataSource [main] HikariPool-1 - Start completed.
2024-05-19 21:08:34,118 WARN o.h.e.j.d.i.DialectFactoryImpl [main] HHH90000025: PostgreSQLDialect does not need to be specified explicitly using 'hibernate.dialect' (remove the property setting and it will be selected by default)
2024-05-19 21:08:37,738 INFO o.h.e.t.j.p.i.JtaPlatformInitiator [main] HHH000489: No JTA platform available (set 'hibernate.transaction.jta.platform' to enable JTA platform integration)
2024-05-19 21:08:37,929 INFO o.s.o.j.AbstractEntityManagerFactoryBean [main] Initialized JPA EntityManagerFactory for persistence unit 'default'
2024-05-19 21:08:39,120 INFO o.s.d.j.r.q.QueryEnhancerFactory [main] Hibernate is in classpath; If applicable, HQL parser will be used.
2024-05-19 21:08:39,887 WARN o.s.b.a.o.j.JpaBaseConfiguration$JpaWebConfiguration [main] spring.jpa.open-in-view is enabled by default. Therefore, database queries may be performed during view rendering. Explicitly configure spring.jpa.open-in-view to disable this warning
2024-05-19 21:08:41,040 INFO o.a.j.l.DirectJDKLog [main] Starting ProtocolHandler ["http-nio-8081"]
2024-05-19 21:08:41,104 INFO o.s.b.w.e.t.TomcatWebServer [main] Tomcat started on port 8081 (http) with context path ''
2024-05-19 21:08:41,182 INFO o.s.b.StartupInfoLogger [main] Started FBjv24001115Synergy7IndBinfoodCh5Application in 16.258 seconds (process running for 17.259)
2024-05-19 21:16:34,849 INFO o.a.j.l.DirectJDKLog [http-nio-8081-exec-3] Initializing Spring DispatcherServlet 'dispatcherServlet'
2024-05-19 21:16:34,857 INFO o.s.w.s.FrameworkServlet [http-nio-8081-exec-3] Initializing Servlet 'dispatcherServlet'
2024-05-19 21:16:34,859 INFO o.s.w.s.FrameworkServlet [http-nio-8081-exec-3] Completed initialization in 0 ms
2024-05-19 21:16:35,438 INFO c.e.F.s.OrderDetailServiceImpl [http-nio-8081-exec-3] [32mBerhasil Mengubah Data[0m
2024-05-19 21:16:35,652 WARN o.s.w.s.m.s.DefaultHandlerExceptionResolver [http-nio-8081-exec-3] Ignoring exception, response committed already: org.springframework.http.converter.HttpMessageNotWritableException: Could not write JSON: Infinite recursion (StackOverflowError)
2024-05-19 21:16:35,656 WARN o.s.w.s.h.AbstractHandlerExceptionResolver [http-nio-8081-exec-3] Resolved [org.springframework.http.converter.HttpMessageNotWritableException: Could not write JSON: Infinite recursion (StackOverflowError)]
2024-05-19 21:16:49,509 INFO c.e.F.s.OrderDetailServiceImpl [http-nio-8081-exec-4] [32mBerhasil Mengubah Data[0m
2024-05-19 21:16:49,541 WARN o.s.w.s.m.s.DefaultHandlerExceptionResolver [http-nio-8081-exec-4] Ignoring exception, response committed already: org.springframework.http.converter.HttpMessageNotWritableException: Could not write JSON: Infinite recursion (StackOverflowError)
2024-05-19 21:16:49,542 WARN o.s.w.s.h.AbstractHandlerExceptionResolver [http-nio-8081-exec-4] Resolved [org.springframework.http.converter.HttpMessageNotWritableException: Could not write JSON: Infinite recursion (StackOverflowError)]
2024-05-19 22:17:05,044 WARN o.s.w.s.m.s.DefaultHandlerExceptionResolver [http-nio-8081-exec-6] Ignoring exception, response committed already: org.springframework.http.converter.HttpMessageNotWritableException: Could not write JSON: Infinite recursion (StackOverflowError)
2024-05-19 22:17:05,046 WARN o.s.w.s.h.AbstractHandlerExceptionResolver [http-nio-8081-exec-6] Resolved [org.springframework.http.converter.HttpMessageNotWritableException: Could not write JSON: Infinite recursion (StackOverflowError)]
2024-05-19 22:52:32,178 INFO o.s.o.j.AbstractEntityManagerFactoryBean [SpringApplicationShutdownHook] Closing JPA EntityManagerFactory for persistence unit 'default'
2024-05-19 22:52:32,178 INFO c.z.h.HikariDataSource [SpringApplicationShutdownHook] HikariPool-1 - Shutdown initiated...
2024-05-19 22:52:32,194 INFO c.z.h.HikariDataSource [SpringApplicationShutdownHook] HikariPool-1 - Shutdown completed.
