2024-06-16 13:14:25,652 INFO o.s.b.StartupInfoLogger [main] Starting FBjv24001115Synergy7IndBinfoodCh6Application using Java 21.0.2 with PID 10448 (E:\Kumpulankoding\java\Synrgy-challenge\F-BJV24001115-synergy7-ind-binfood-ch6\target\classes started by USER in E:\Kumpulankoding\java\Synrgy-challenge\F-BJV24001115-synergy7-ind-binfood-ch6)
2024-06-16 13:14:25,670 INFO o.s.b.SpringApplication [main] No active profile set, falling back to 1 default profile: "default"
2024-06-16 13:14:28,639 INFO o.s.d.r.c.RepositoryConfigurationDelegate [main] Bootstrapping Spring Data JPA repositories in DEFAULT mode.
2024-06-16 13:14:29,132 INFO o.s.d.r.c.RepositoryConfigurationDelegate [main] Finished Spring Data repository scanning in 432 ms. Found 6 JPA repository interfaces.
2024-06-16 13:14:31,054 INFO o.s.b.w.e.t.TomcatWebServer [main] Tomcat initialized with port 8081 (http)
2024-06-16 13:14:31,131 INFO o.a.j.l.DirectJDKLog [main] Initializing ProtocolHandler ["http-nio-8081"]
2024-06-16 13:14:31,147 INFO o.a.j.l.DirectJDKLog [main] Starting service [Tomcat]
2024-06-16 13:14:31,152 INFO o.a.j.l.DirectJDKLog [main] Starting Servlet engine: [Apache Tomcat/10.1.20]
2024-06-16 13:14:31,372 INFO o.a.j.l.DirectJDKLog [main] Initializing Spring embedded WebApplicationContext
2024-06-16 13:14:31,372 INFO o.s.b.w.s.c.ServletWebServerApplicationContext [main] Root WebApplicationContext: initialization completed in 5560 ms
2024-06-16 13:14:32,073 INFO o.h.j.i.u.LogHelper [main] HHH000204: Processing PersistenceUnitInfo [name: default]
2024-06-16 13:14:32,524 INFO o.h.Version [main] HHH000412: Hibernate ORM core version 6.4.4.Final
2024-06-16 13:14:32,627 INFO o.h.c.i.RegionFactoryInitiator [main] HHH000026: Second-level cache disabled
2024-06-16 13:14:33,150 INFO o.s.o.j.p.SpringPersistenceUnitInfo [main] No LoadTimeWeaver setup: ignoring JPA class transformer
2024-06-16 13:14:33,229 INFO c.z.h.HikariDataSource [main] HikariPool-1 - Starting...
2024-06-16 13:14:33,734 INFO c.z.h.p.HikariPool [main] HikariPool-1 - Added connection org.postgresql.jdbc.PgConnection@ae3c140
2024-06-16 13:14:33,750 INFO c.z.h.HikariDataSource [main] HikariPool-1 - Start completed.
2024-06-16 13:14:33,921 WARN o.h.e.j.d.i.DialectFactoryImpl [main] HHH90000025: PostgreSQLDialect does not need to be specified explicitly using 'hibernate.dialect' (remove the property setting and it will be selected by default)
2024-06-16 13:14:36,366 INFO o.h.e.t.j.p.i.JtaPlatformInitiator [main] HHH000489: No JTA platform available (set 'hibernate.transaction.jta.platform' to enable JTA platform integration)
2024-06-16 13:14:36,674 INFO o.s.o.j.AbstractEntityManagerFactoryBean [main] Initialized JPA EntityManagerFactory for persistence unit 'default'
2024-06-16 13:14:37,474 INFO o.s.d.j.r.q.QueryEnhancerFactory [main] Hibernate is in classpath; If applicable, HQL parser will be used.
2024-06-16 13:14:37,915 WARN o.s.b.a.o.j.JpaBaseConfiguration$JpaWebConfiguration [main] spring.jpa.open-in-view is enabled by default. Therefore, database queries may be performed during view rendering. Explicitly configure spring.jpa.open-in-view to disable this warning
2024-06-16 13:14:38,048 WARN o.s.b.a.s.s.UserDetailsServiceAutoConfiguration [main] 

Using generated security password: 30c816e1-9620-45ab-bba6-ed2c571cd953

This generated password is for development use only. Your security configuration must be updated before running your application in production.

2024-06-16 13:14:38,711 INFO o.s.s.w.DefaultSecurityFilterChain [main] Will secure any request with [org.springframework.security.web.session.DisableEncodeUrlFilter@397f9672, org.springframework.security.web.context.request.async.WebAsyncManagerIntegrationFilter@72e4ffa2, org.springframework.security.web.context.SecurityContextHolderFilter@4fbed6fc, org.springframework.security.web.header.HeaderWriterFilter@3bede349, org.springframework.web.filter.CorsFilter@34dda1b4, org.springframework.security.web.authentication.logout.LogoutFilter@42a89cef, org.springframework.security.web.savedrequest.RequestCacheAwareFilter@129b0ed, org.springframework.security.web.servletapi.SecurityContextHolderAwareRequestFilter@4ccf1d3e, org.springframework.security.web.authentication.AnonymousAuthenticationFilter@193d73d3, org.springframework.security.web.access.ExceptionTranslationFilter@3749c6ac, org.springframework.security.web.access.intercept.AuthorizationFilter@5ae22651]
2024-06-16 13:14:39,240 INFO o.a.j.l.DirectJDKLog [main] Starting ProtocolHandler ["http-nio-8081"]
2024-06-16 13:14:39,299 INFO o.s.b.w.e.t.TomcatWebServer [main] Tomcat started on port 8081 (http) with context path ''
2024-06-16 13:14:39,328 INFO o.s.b.StartupInfoLogger [main] Started FBjv24001115Synergy7IndBinfoodCh6Application in 15.381 seconds (process running for 16.485)
2024-06-16 13:14:44,671 INFO o.a.j.l.DirectJDKLog [http-nio-8081-exec-2] Initializing Spring DispatcherServlet 'dispatcherServlet'
2024-06-16 13:14:44,671 INFO o.s.w.s.FrameworkServlet [http-nio-8081-exec-2] Initializing Servlet 'dispatcherServlet'
2024-06-16 13:14:44,671 INFO o.s.w.s.FrameworkServlet [http-nio-8081-exec-2] Completed initialization in 0 ms
2024-06-16 16:21:43,559 WARN c.z.h.p.HikariPool$HouseKeeper [HikariPool-1 housekeeper] HikariPool-1 - Thread starvation or clock leap detected (housekeeper delta=1h58m38s684ms66µs200ns).
