2024-08-04 08:51:56,908 INFO o.s.b.StartupInfoLogger [main] Starting FBjv24001115Synergy7IndBinfoodCh8Application using Java 21.0.2 with PID 20556 (E:\Kumpulankoding\java\Synrgy-challenge\F-BJV24001115-synergy7-ind-binfood-ch8\target\classes started by USER in E:\Kumpulankoding\java\Synrgy-challenge\F-BJV24001115-synergy7-ind-binfood-ch8)
2024-08-04 08:51:56,928 INFO o.s.b.SpringApplication [main] No active profile set, falling back to 1 default profile: "default"
2024-08-04 08:52:00,419 INFO o.s.d.r.c.RepositoryConfigurationDelegate [main] Bootstrapping Spring Data JPA repositories in DEFAULT mode.
2024-08-04 08:52:00,936 INFO o.s.d.r.c.RepositoryConfigurationDelegate [main] Finished Spring Data repository scanning in 300 ms. Found 7 JPA repository interfaces.
2024-08-04 08:52:02,986 INFO o.s.b.w.e.t.TomcatWebServer [main] Tomcat initialized with port 8081 (http)
2024-08-04 08:52:03,002 INFO o.a.j.l.DirectJDKLog [main] Initializing ProtocolHandler ["http-nio-8081"]
2024-08-04 08:52:03,032 INFO o.a.j.l.DirectJDKLog [main] Starting service [Tomcat]
2024-08-04 08:52:03,036 INFO o.a.j.l.DirectJDKLog [main] Starting Servlet engine: [Apache Tomcat/10.1.20]
2024-08-04 08:52:03,254 INFO o.a.j.l.DirectJDKLog [main] Initializing Spring embedded WebApplicationContext
2024-08-04 08:52:03,270 INFO o.s.b.w.s.c.ServletWebServerApplicationContext [main] Root WebApplicationContext: initialization completed in 6195 ms
2024-08-04 08:52:03,784 INFO o.h.j.i.u.LogHelper [main] HHH000204: Processing PersistenceUnitInfo [name: default]
2024-08-04 08:52:04,037 INFO o.h.Version [main] HHH000412: Hibernate ORM core version 6.4.4.Final
2024-08-04 08:52:04,191 INFO o.h.c.i.RegionFactoryInitiator [main] HHH000026: Second-level cache disabled
2024-08-04 08:52:05,068 INFO o.s.o.j.p.SpringPersistenceUnitInfo [main] No LoadTimeWeaver setup: ignoring JPA class transformer
2024-08-04 08:52:05,191 INFO c.z.h.HikariDataSource [main] HikariPool-1 - Starting...
2024-08-04 08:52:05,851 INFO c.z.h.p.HikariPool [main] HikariPool-1 - Added connection org.postgresql.jdbc.PgConnection@6906be0f
2024-08-04 08:52:05,866 INFO c.z.h.HikariDataSource [main] HikariPool-1 - Start completed.
2024-08-04 08:52:06,038 WARN o.h.e.j.d.i.DialectFactoryImpl [main] HHH90000025: PostgreSQLDialect does not need to be specified explicitly using 'hibernate.dialect' (remove the property setting and it will be selected by default)
2024-08-04 08:52:10,255 INFO o.h.e.t.j.p.i.JtaPlatformInitiator [main] HHH000489: No JTA platform available (set 'hibernate.transaction.jta.platform' to enable JTA platform integration)
2024-08-04 08:52:10,585 INFO o.s.o.j.AbstractEntityManagerFactoryBean [main] Initialized JPA EntityManagerFactory for persistence unit 'default'
2024-08-04 08:52:11,689 INFO o.s.d.j.r.q.QueryEnhancerFactory [main] Hibernate is in classpath; If applicable, HQL parser will be used.
2024-08-04 08:52:13,292 INFO c.e.F.s.FCMInitializer [main] Firebase application initialized
2024-08-04 08:52:13,382 WARN o.s.b.a.o.j.JpaBaseConfiguration$JpaWebConfiguration [main] spring.jpa.open-in-view is enabled by default. Therefore, database queries may be performed during view rendering. Explicitly configure spring.jpa.open-in-view to disable this warning
2024-08-04 08:52:14,490 INFO o.s.s.w.DefaultSecurityFilterChain [main] Will secure any request with [org.springframework.security.web.session.DisableEncodeUrlFilter@2dbfcbe4, org.springframework.security.web.context.request.async.WebAsyncManagerIntegrationFilter@6f13ed1, org.springframework.security.web.context.SecurityContextHolderFilter@75051d05, org.springframework.security.web.header.HeaderWriterFilter@1c63b39a, org.springframework.web.filter.CorsFilter@44aaa987, org.springframework.security.web.authentication.logout.LogoutFilter@7a9e44ff, org.springframework.security.oauth2.client.web.OAuth2AuthorizationRequestRedirectFilter@119f02d2, org.springframework.security.oauth2.client.web.OAuth2LoginAuthenticationFilter@468dbd07, com.example.FBJV24001115synergy7indbinfoodch8.security.JwtAuthTokenFilter@2df7766b, org.springframework.security.web.authentication.UsernamePasswordAuthenticationFilter@35d44cd3, org.springframework.security.web.savedrequest.RequestCacheAwareFilter@428440f2, org.springframework.security.web.servletapi.SecurityContextHolderAwareRequestFilter@23c24c0e, org.springframework.security.web.authentication.AnonymousAuthenticationFilter@23e0b938, org.springframework.security.web.access.ExceptionTranslationFilter@50177966, org.springframework.security.web.access.intercept.AuthorizationFilter@f111e97]
2024-08-04 08:52:15,210 INFO o.a.j.l.DirectJDKLog [main] Starting ProtocolHandler ["http-nio-8081"]
2024-08-04 08:52:15,308 INFO o.s.b.w.e.t.TomcatWebServer [main] Tomcat started on port 8081 (http) with context path ''
2024-08-04 08:52:15,405 INFO o.s.b.StartupInfoLogger [main] Started FBjv24001115Synergy7IndBinfoodCh8Application in 20.301 seconds (process running for 22.143)
2024-08-04 08:52:20,556 INFO c.e.F.s.FCMService [scheduling-1] Sent message to token. Device token: cMUIk9-hccUxbA-Uznl7LC:APA91bHdARuGyr517ZpGZjt8QsKVKP-zzl3-wKpOsTsvA8pTBvrXdaFJmeBhrQBpCixs5O3bo6nZ-o8U74khj1kf8ZjxyHbugfngNuhmsd6Nhs3xVja23IAlmliOwQYIR9TmS2fXIkV3, projects/binarfud-kh/messages/58105659-499c-4f20-a66e-52624d82e584 msg {
  "notification": {
    "title": "Promo Siang Binarfud",
    "body": "Silakan order pada Pukul 12.00 - 13.00 untuk mendapatakan diskon 20%"
  },
  "androidConfig": {
    "priority": "high",
    "ttl": "120s",
    "notification": {}
  },
  "apnsConfig": {
    "payload": {
      "aps": {}
    }
  },
  "token": "cMUIk9-hccUxbA-Uznl7LC:APA91bHdARuGyr517ZpGZjt8QsKVKP-zzl3-wKpOsTsvA8pTBvrXdaFJmeBhrQBpCixs5O3bo6nZ-o8U74khj1kf8ZjxyHbugfngNuhmsd6Nhs3xVja23IAlmliOwQYIR9TmS2fXIkV3"
}
2024-08-04 08:52:22,142 INFO c.e.F.s.FCMService [scheduling-1] Sent message to token. Device token: cMUIk9-hccUxbA-Uznl7LC:APA91bHdARuGyr517ZpGZjt8QsKVKP-zzl3-wKpOsTsvA8pTBvrXdaFJmeBhrQBpCixs5O3bo6nZ-o8U74khj1kf8ZjxyHbugfngNuhmsd6Nhs3xVja23IAlmliOwQYIR9TmS2fXIkV3, projects/binarfud-kh/messages/22875090-4e66-4368-af59-ce9819195614 msg {
  "notification": {
    "title": "Promo Siang Binarfud",
    "body": "Silakan order pada Pukul 12.00 - 13.00 untuk mendapatakan diskon 20%"
  },
  "androidConfig": {
    "priority": "high",
    "ttl": "120s",
    "notification": {}
  },
  "apnsConfig": {
    "payload": {
      "aps": {}
    }
  },
  "token": "cMUIk9-hccUxbA-Uznl7LC:APA91bHdARuGyr517ZpGZjt8QsKVKP-zzl3-wKpOsTsvA8pTBvrXdaFJmeBhrQBpCixs5O3bo6nZ-o8U74khj1kf8ZjxyHbugfngNuhmsd6Nhs3xVja23IAlmliOwQYIR9TmS2fXIkV3"
}
2024-08-04 08:52:24,176 INFO c.e.F.s.FCMService [scheduling-1] Sent message to token. Device token: cMUIk9-hccUxbA-Uznl7LC:APA91bHdARuGyr517ZpGZjt8QsKVKP-zzl3-wKpOsTsvA8pTBvrXdaFJmeBhrQBpCixs5O3bo6nZ-o8U74khj1kf8ZjxyHbugfngNuhmsd6Nhs3xVja23IAlmliOwQYIR9TmS2fXIkV3, projects/binarfud-kh/messages/b75d1abd-26e9-486b-b773-c9b4449a6133 msg {
  "notification": {
    "title": "Promo Siang Binarfud",
    "body": "Silakan order pada Pukul 12.00 - 13.00 untuk mendapatakan diskon 20%"
  },
  "androidConfig": {
    "priority": "high",
    "ttl": "120s",
    "notification": {}
  },
  "apnsConfig": {
    "payload": {
      "aps": {}
    }
  },
  "token": "cMUIk9-hccUxbA-Uznl7LC:APA91bHdARuGyr517ZpGZjt8QsKVKP-zzl3-wKpOsTsvA8pTBvrXdaFJmeBhrQBpCixs5O3bo6nZ-o8U74khj1kf8ZjxyHbugfngNuhmsd6Nhs3xVja23IAlmliOwQYIR9TmS2fXIkV3"
}
2024-08-04 08:52:26,096 INFO c.e.F.s.FCMService [scheduling-1] Sent message to token. Device token: cMUIk9-hccUxbA-Uznl7LC:APA91bHdARuGyr517ZpGZjt8QsKVKP-zzl3-wKpOsTsvA8pTBvrXdaFJmeBhrQBpCixs5O3bo6nZ-o8U74khj1kf8ZjxyHbugfngNuhmsd6Nhs3xVja23IAlmliOwQYIR9TmS2fXIkV3, projects/binarfud-kh/messages/72660f92-4e49-454a-8954-f2f698e01bb8 msg {
  "notification": {
    "title": "Promo Siang Binarfud",
    "body": "Silakan order pada Pukul 12.00 - 13.00 untuk mendapatakan diskon 20%"
  },
  "androidConfig": {
    "priority": "high",
    "ttl": "120s",
    "notification": {}
  },
  "apnsConfig": {
    "payload": {
      "aps": {}
    }
  },
  "token": "cMUIk9-hccUxbA-Uznl7LC:APA91bHdARuGyr517ZpGZjt8QsKVKP-zzl3-wKpOsTsvA8pTBvrXdaFJmeBhrQBpCixs5O3bo6nZ-o8U74khj1kf8ZjxyHbugfngNuhmsd6Nhs3xVja23IAlmliOwQYIR9TmS2fXIkV3"
}
2024-08-04 08:52:28,116 INFO c.e.F.s.FCMService [scheduling-1] Sent message to token. Device token: cMUIk9-hccUxbA-Uznl7LC:APA91bHdARuGyr517ZpGZjt8QsKVKP-zzl3-wKpOsTsvA8pTBvrXdaFJmeBhrQBpCixs5O3bo6nZ-o8U74khj1kf8ZjxyHbugfngNuhmsd6Nhs3xVja23IAlmliOwQYIR9TmS2fXIkV3, projects/binarfud-kh/messages/d2a33224-dba3-4e2a-abce-7689605eb81e msg {
  "notification": {
    "title": "Promo Siang Binarfud",
    "body": "Silakan order pada Pukul 12.00 - 13.00 untuk mendapatakan diskon 20%"
  },
  "androidConfig": {
    "priority": "high",
    "ttl": "120s",
    "notification": {}
  },
  "apnsConfig": {
    "payload": {
      "aps": {}
    }
  },
  "token": "cMUIk9-hccUxbA-Uznl7LC:APA91bHdARuGyr517ZpGZjt8QsKVKP-zzl3-wKpOsTsvA8pTBvrXdaFJmeBhrQBpCixs5O3bo6nZ-o8U74khj1kf8ZjxyHbugfngNuhmsd6Nhs3xVja23IAlmliOwQYIR9TmS2fXIkV3"
}
2024-08-04 08:52:30,110 INFO c.e.F.s.FCMService [scheduling-1] Sent message to token. Device token: cMUIk9-hccUxbA-Uznl7LC:APA91bHdARuGyr517ZpGZjt8QsKVKP-zzl3-wKpOsTsvA8pTBvrXdaFJmeBhrQBpCixs5O3bo6nZ-o8U74khj1kf8ZjxyHbugfngNuhmsd6Nhs3xVja23IAlmliOwQYIR9TmS2fXIkV3, projects/binarfud-kh/messages/9a58f504-319d-4a7d-bcba-ca890d979489 msg {
  "notification": {
    "title": "Promo Siang Binarfud",
    "body": "Silakan order pada Pukul 12.00 - 13.00 untuk mendapatakan diskon 20%"
  },
  "androidConfig": {
    "priority": "high",
    "ttl": "120s",
    "notification": {}
  },
  "apnsConfig": {
    "payload": {
      "aps": {}
    }
  },
  "token": "cMUIk9-hccUxbA-Uznl7LC:APA91bHdARuGyr517ZpGZjt8QsKVKP-zzl3-wKpOsTsvA8pTBvrXdaFJmeBhrQBpCixs5O3bo6nZ-o8U74khj1kf8ZjxyHbugfngNuhmsd6Nhs3xVja23IAlmliOwQYIR9TmS2fXIkV3"
}
2024-08-04 08:52:32,120 INFO c.e.F.s.FCMService [scheduling-1] Sent message to token. Device token: cMUIk9-hccUxbA-Uznl7LC:APA91bHdARuGyr517ZpGZjt8QsKVKP-zzl3-wKpOsTsvA8pTBvrXdaFJmeBhrQBpCixs5O3bo6nZ-o8U74khj1kf8ZjxyHbugfngNuhmsd6Nhs3xVja23IAlmliOwQYIR9TmS2fXIkV3, projects/binarfud-kh/messages/be029e9a-f213-40e5-b6d0-540c0bbcc14f msg {
  "notification": {
    "title": "Promo Siang Binarfud",
    "body": "Silakan order pada Pukul 12.00 - 13.00 untuk mendapatakan diskon 20%"
  },
  "androidConfig": {
    "priority": "high",
    "ttl": "120s",
    "notification": {}
  },
  "apnsConfig": {
    "payload": {
      "aps": {}
    }
  },
  "token": "cMUIk9-hccUxbA-Uznl7LC:APA91bHdARuGyr517ZpGZjt8QsKVKP-zzl3-wKpOsTsvA8pTBvrXdaFJmeBhrQBpCixs5O3bo6nZ-o8U74khj1kf8ZjxyHbugfngNuhmsd6Nhs3xVja23IAlmliOwQYIR9TmS2fXIkV3"
}
2024-08-04 08:52:34,185 INFO c.e.F.s.FCMService [scheduling-1] Sent message to token. Device token: cMUIk9-hccUxbA-Uznl7LC:APA91bHdARuGyr517ZpGZjt8QsKVKP-zzl3-wKpOsTsvA8pTBvrXdaFJmeBhrQBpCixs5O3bo6nZ-o8U74khj1kf8ZjxyHbugfngNuhmsd6Nhs3xVja23IAlmliOwQYIR9TmS2fXIkV3, projects/binarfud-kh/messages/b5257147-3103-4421-8fe4-c67451ddad66 msg {
  "notification": {
    "title": "Promo Siang Binarfud",
    "body": "Silakan order pada Pukul 12.00 - 13.00 untuk mendapatakan diskon 20%"
  },
  "androidConfig": {
    "priority": "high",
    "ttl": "120s",
    "notification": {}
  },
  "apnsConfig": {
    "payload": {
      "aps": {}
    }
  },
  "token": "cMUIk9-hccUxbA-Uznl7LC:APA91bHdARuGyr517ZpGZjt8QsKVKP-zzl3-wKpOsTsvA8pTBvrXdaFJmeBhrQBpCixs5O3bo6nZ-o8U74khj1kf8ZjxyHbugfngNuhmsd6Nhs3xVja23IAlmliOwQYIR9TmS2fXIkV3"
}
2024-08-04 08:52:36,091 INFO c.e.F.s.FCMService [scheduling-1] Sent message to token. Device token: cMUIk9-hccUxbA-Uznl7LC:APA91bHdARuGyr517ZpGZjt8QsKVKP-zzl3-wKpOsTsvA8pTBvrXdaFJmeBhrQBpCixs5O3bo6nZ-o8U74khj1kf8ZjxyHbugfngNuhmsd6Nhs3xVja23IAlmliOwQYIR9TmS2fXIkV3, projects/binarfud-kh/messages/383aea03-e953-4baf-9c35-fe0462158568 msg {
  "notification": {
    "title": "Promo Siang Binarfud",
    "body": "Silakan order pada Pukul 12.00 - 13.00 untuk mendapatakan diskon 20%"
  },
  "androidConfig": {
    "priority": "high",
    "ttl": "120s",
    "notification": {}
  },
  "apnsConfig": {
    "payload": {
      "aps": {}
    }
  },
  "token": "cMUIk9-hccUxbA-Uznl7LC:APA91bHdARuGyr517ZpGZjt8QsKVKP-zzl3-wKpOsTsvA8pTBvrXdaFJmeBhrQBpCixs5O3bo6nZ-o8U74khj1kf8ZjxyHbugfngNuhmsd6Nhs3xVja23IAlmliOwQYIR9TmS2fXIkV3"
}
2024-08-04 08:52:38,125 INFO c.e.F.s.FCMService [scheduling-1] Sent message to token. Device token: cMUIk9-hccUxbA-Uznl7LC:APA91bHdARuGyr517ZpGZjt8QsKVKP-zzl3-wKpOsTsvA8pTBvrXdaFJmeBhrQBpCixs5O3bo6nZ-o8U74khj1kf8ZjxyHbugfngNuhmsd6Nhs3xVja23IAlmliOwQYIR9TmS2fXIkV3, projects/binarfud-kh/messages/aadf03e6-925b-4343-85bb-b7317e7ffba7 msg {
  "notification": {
    "title": "Promo Siang Binarfud",
    "body": "Silakan order pada Pukul 12.00 - 13.00 untuk mendapatakan diskon 20%"
  },
  "androidConfig": {
    "priority": "high",
    "ttl": "120s",
    "notification": {}
  },
  "apnsConfig": {
    "payload": {
      "aps": {}
    }
  },
  "token": "cMUIk9-hccUxbA-Uznl7LC:APA91bHdARuGyr517ZpGZjt8QsKVKP-zzl3-wKpOsTsvA8pTBvrXdaFJmeBhrQBpCixs5O3bo6nZ-o8U74khj1kf8ZjxyHbugfngNuhmsd6Nhs3xVja23IAlmliOwQYIR9TmS2fXIkV3"
}
2024-08-04 08:52:40,149 INFO c.e.F.s.FCMService [scheduling-1] Sent message to token. Device token: cMUIk9-hccUxbA-Uznl7LC:APA91bHdARuGyr517ZpGZjt8QsKVKP-zzl3-wKpOsTsvA8pTBvrXdaFJmeBhrQBpCixs5O3bo6nZ-o8U74khj1kf8ZjxyHbugfngNuhmsd6Nhs3xVja23IAlmliOwQYIR9TmS2fXIkV3, projects/binarfud-kh/messages/339c9515-3368-4c4b-b3b5-eb320b305de4 msg {
  "notification": {
    "title": "Promo Siang Binarfud",
    "body": "Silakan order pada Pukul 12.00 - 13.00 untuk mendapatakan diskon 20%"
  },
  "androidConfig": {
    "priority": "high",
    "ttl": "120s",
    "notification": {}
  },
  "apnsConfig": {
    "payload": {
      "aps": {}
    }
  },
  "token": "cMUIk9-hccUxbA-Uznl7LC:APA91bHdARuGyr517ZpGZjt8QsKVKP-zzl3-wKpOsTsvA8pTBvrXdaFJmeBhrQBpCixs5O3bo6nZ-o8U74khj1kf8ZjxyHbugfngNuhmsd6Nhs3xVja23IAlmliOwQYIR9TmS2fXIkV3"
}
2024-08-04 08:52:42,259 INFO c.e.F.s.FCMService [scheduling-1] Sent message to token. Device token: cMUIk9-hccUxbA-Uznl7LC:APA91bHdARuGyr517ZpGZjt8QsKVKP-zzl3-wKpOsTsvA8pTBvrXdaFJmeBhrQBpCixs5O3bo6nZ-o8U74khj1kf8ZjxyHbugfngNuhmsd6Nhs3xVja23IAlmliOwQYIR9TmS2fXIkV3, projects/binarfud-kh/messages/5becdb79-7e20-44f7-992d-79991f30b47f msg {
  "notification": {
    "title": "Promo Siang Binarfud",
    "body": "Silakan order pada Pukul 12.00 - 13.00 untuk mendapatakan diskon 20%"
  },
  "androidConfig": {
    "priority": "high",
    "ttl": "120s",
    "notification": {}
  },
  "apnsConfig": {
    "payload": {
      "aps": {}
    }
  },
  "token": "cMUIk9-hccUxbA-Uznl7LC:APA91bHdARuGyr517ZpGZjt8QsKVKP-zzl3-wKpOsTsvA8pTBvrXdaFJmeBhrQBpCixs5O3bo6nZ-o8U74khj1kf8ZjxyHbugfngNuhmsd6Nhs3xVja23IAlmliOwQYIR9TmS2fXIkV3"
}
2024-08-04 08:52:44,130 INFO c.e.F.s.FCMService [scheduling-1] Sent message to token. Device token: cMUIk9-hccUxbA-Uznl7LC:APA91bHdARuGyr517ZpGZjt8QsKVKP-zzl3-wKpOsTsvA8pTBvrXdaFJmeBhrQBpCixs5O3bo6nZ-o8U74khj1kf8ZjxyHbugfngNuhmsd6Nhs3xVja23IAlmliOwQYIR9TmS2fXIkV3, projects/binarfud-kh/messages/60af5076-c727-492c-b3bd-f734a7946a2f msg {
  "notification": {
    "title": "Promo Siang Binarfud",
    "body": "Silakan order pada Pukul 12.00 - 13.00 untuk mendapatakan diskon 20%"
  },
  "androidConfig": {
    "priority": "high",
    "ttl": "120s",
    "notification": {}
  },
  "apnsConfig": {
    "payload": {
      "aps": {}
    }
  },
  "token": "cMUIk9-hccUxbA-Uznl7LC:APA91bHdARuGyr517ZpGZjt8QsKVKP-zzl3-wKpOsTsvA8pTBvrXdaFJmeBhrQBpCixs5O3bo6nZ-o8U74khj1kf8ZjxyHbugfngNuhmsd6Nhs3xVja23IAlmliOwQYIR9TmS2fXIkV3"
}
2024-08-04 08:52:46,195 INFO c.e.F.s.FCMService [scheduling-1] Sent message to token. Device token: cMUIk9-hccUxbA-Uznl7LC:APA91bHdARuGyr517ZpGZjt8QsKVKP-zzl3-wKpOsTsvA8pTBvrXdaFJmeBhrQBpCixs5O3bo6nZ-o8U74khj1kf8ZjxyHbugfngNuhmsd6Nhs3xVja23IAlmliOwQYIR9TmS2fXIkV3, projects/binarfud-kh/messages/fdac8e78-b37e-43d2-8d4b-12c68dfed9f7 msg {
  "notification": {
    "title": "Promo Siang Binarfud",
    "body": "Silakan order pada Pukul 12.00 - 13.00 untuk mendapatakan diskon 20%"
  },
  "androidConfig": {
    "priority": "high",
    "ttl": "120s",
    "notification": {}
  },
  "apnsConfig": {
    "payload": {
      "aps": {}
    }
  },
  "token": "cMUIk9-hccUxbA-Uznl7LC:APA91bHdARuGyr517ZpGZjt8QsKVKP-zzl3-wKpOsTsvA8pTBvrXdaFJmeBhrQBpCixs5O3bo6nZ-o8U74khj1kf8ZjxyHbugfngNuhmsd6Nhs3xVja23IAlmliOwQYIR9TmS2fXIkV3"
}
2024-08-04 08:52:48,382 INFO c.e.F.s.FCMService [scheduling-1] Sent message to token. Device token: cMUIk9-hccUxbA-Uznl7LC:APA91bHdARuGyr517ZpGZjt8QsKVKP-zzl3-wKpOsTsvA8pTBvrXdaFJmeBhrQBpCixs5O3bo6nZ-o8U74khj1kf8ZjxyHbugfngNuhmsd6Nhs3xVja23IAlmliOwQYIR9TmS2fXIkV3, projects/binarfud-kh/messages/0a47f30f-5464-414f-b5b1-068e7f78c8f9 msg {
  "notification": {
    "title": "Promo Siang Binarfud",
    "body": "Silakan order pada Pukul 12.00 - 13.00 untuk mendapatakan diskon 20%"
  },
  "androidConfig": {
    "priority": "high",
    "ttl": "120s",
    "notification": {}
  },
  "apnsConfig": {
    "payload": {
      "aps": {}
    }
  },
  "token": "cMUIk9-hccUxbA-Uznl7LC:APA91bHdARuGyr517ZpGZjt8QsKVKP-zzl3-wKpOsTsvA8pTBvrXdaFJmeBhrQBpCixs5O3bo6nZ-o8U74khj1kf8ZjxyHbugfngNuhmsd6Nhs3xVja23IAlmliOwQYIR9TmS2fXIkV3"
}
2024-08-04 08:52:50,520 INFO c.e.F.s.FCMService [scheduling-1] Sent message to token. Device token: cMUIk9-hccUxbA-Uznl7LC:APA91bHdARuGyr517ZpGZjt8QsKVKP-zzl3-wKpOsTsvA8pTBvrXdaFJmeBhrQBpCixs5O3bo6nZ-o8U74khj1kf8ZjxyHbugfngNuhmsd6Nhs3xVja23IAlmliOwQYIR9TmS2fXIkV3, projects/binarfud-kh/messages/c837f987-4839-465c-a78b-34588c90e2f6 msg {
  "notification": {
    "title": "Promo Siang Binarfud",
    "body": "Silakan order pada Pukul 12.00 - 13.00 untuk mendapatakan diskon 20%"
  },
  "androidConfig": {
    "priority": "high",
    "ttl": "120s",
    "notification": {}
  },
  "apnsConfig": {
    "payload": {
      "aps": {}
    }
  },
  "token": "cMUIk9-hccUxbA-Uznl7LC:APA91bHdARuGyr517ZpGZjt8QsKVKP-zzl3-wKpOsTsvA8pTBvrXdaFJmeBhrQBpCixs5O3bo6nZ-o8U74khj1kf8ZjxyHbugfngNuhmsd6Nhs3xVja23IAlmliOwQYIR9TmS2fXIkV3"
}
2024-08-04 08:52:52,112 INFO c.e.F.s.FCMService [scheduling-1] Sent message to token. Device token: cMUIk9-hccUxbA-Uznl7LC:APA91bHdARuGyr517ZpGZjt8QsKVKP-zzl3-wKpOsTsvA8pTBvrXdaFJmeBhrQBpCixs5O3bo6nZ-o8U74khj1kf8ZjxyHbugfngNuhmsd6Nhs3xVja23IAlmliOwQYIR9TmS2fXIkV3, projects/binarfud-kh/messages/c8fae829-a3aa-449b-9ea2-30ec0c211d75 msg {
  "notification": {
    "title": "Promo Siang Binarfud",
    "body": "Silakan order pada Pukul 12.00 - 13.00 untuk mendapatakan diskon 20%"
  },
  "androidConfig": {
    "priority": "high",
    "ttl": "120s",
    "notification": {}
  },
  "apnsConfig": {
    "payload": {
      "aps": {}
    }
  },
  "token": "cMUIk9-hccUxbA-Uznl7LC:APA91bHdARuGyr517ZpGZjt8QsKVKP-zzl3-wKpOsTsvA8pTBvrXdaFJmeBhrQBpCixs5O3bo6nZ-o8U74khj1kf8ZjxyHbugfngNuhmsd6Nhs3xVja23IAlmliOwQYIR9TmS2fXIkV3"
}
2024-08-04 08:52:54,199 INFO c.e.F.s.FCMService [scheduling-1] Sent message to token. Device token: cMUIk9-hccUxbA-Uznl7LC:APA91bHdARuGyr517ZpGZjt8QsKVKP-zzl3-wKpOsTsvA8pTBvrXdaFJmeBhrQBpCixs5O3bo6nZ-o8U74khj1kf8ZjxyHbugfngNuhmsd6Nhs3xVja23IAlmliOwQYIR9TmS2fXIkV3, projects/binarfud-kh/messages/380b2d54-326b-4dae-ac07-3355bf5e49de msg {
  "notification": {
    "title": "Promo Siang Binarfud",
    "body": "Silakan order pada Pukul 12.00 - 13.00 untuk mendapatakan diskon 20%"
  },
  "androidConfig": {
    "priority": "high",
    "ttl": "120s",
    "notification": {}
  },
  "apnsConfig": {
    "payload": {
      "aps": {}
    }
  },
  "token": "cMUIk9-hccUxbA-Uznl7LC:APA91bHdARuGyr517ZpGZjt8QsKVKP-zzl3-wKpOsTsvA8pTBvrXdaFJmeBhrQBpCixs5O3bo6nZ-o8U74khj1kf8ZjxyHbugfngNuhmsd6Nhs3xVja23IAlmliOwQYIR9TmS2fXIkV3"
}
2024-08-04 08:52:56,447 INFO c.e.F.s.FCMService [scheduling-1] Sent message to token. Device token: cMUIk9-hccUxbA-Uznl7LC:APA91bHdARuGyr517ZpGZjt8QsKVKP-zzl3-wKpOsTsvA8pTBvrXdaFJmeBhrQBpCixs5O3bo6nZ-o8U74khj1kf8ZjxyHbugfngNuhmsd6Nhs3xVja23IAlmliOwQYIR9TmS2fXIkV3, projects/binarfud-kh/messages/a0691ee3-cb88-4ab3-8157-e0153ff8044c msg {
  "notification": {
    "title": "Promo Siang Binarfud",
    "body": "Silakan order pada Pukul 12.00 - 13.00 untuk mendapatakan diskon 20%"
  },
  "androidConfig": {
    "priority": "high",
    "ttl": "120s",
    "notification": {}
  },
  "apnsConfig": {
    "payload": {
      "aps": {}
    }
  },
  "token": "cMUIk9-hccUxbA-Uznl7LC:APA91bHdARuGyr517ZpGZjt8QsKVKP-zzl3-wKpOsTsvA8pTBvrXdaFJmeBhrQBpCixs5O3bo6nZ-o8U74khj1kf8ZjxyHbugfngNuhmsd6Nhs3xVja23IAlmliOwQYIR9TmS2fXIkV3"
}
2024-08-04 08:52:58,953 INFO c.e.F.s.FCMService [scheduling-1] Sent message to token. Device token: cMUIk9-hccUxbA-Uznl7LC:APA91bHdARuGyr517ZpGZjt8QsKVKP-zzl3-wKpOsTsvA8pTBvrXdaFJmeBhrQBpCixs5O3bo6nZ-o8U74khj1kf8ZjxyHbugfngNuhmsd6Nhs3xVja23IAlmliOwQYIR9TmS2fXIkV3, projects/binarfud-kh/messages/3b3d340d-fdd9-412b-9051-a7d1b7d0d9d6 msg {
  "notification": {
    "title": "Promo Siang Binarfud",
    "body": "Silakan order pada Pukul 12.00 - 13.00 untuk mendapatakan diskon 20%"
  },
  "androidConfig": {
    "priority": "high",
    "ttl": "120s",
    "notification": {}
  },
  "apnsConfig": {
    "payload": {
      "aps": {}
    }
  },
  "token": "cMUIk9-hccUxbA-Uznl7LC:APA91bHdARuGyr517ZpGZjt8QsKVKP-zzl3-wKpOsTsvA8pTBvrXdaFJmeBhrQBpCixs5O3bo6nZ-o8U74khj1kf8ZjxyHbugfngNuhmsd6Nhs3xVja23IAlmliOwQYIR9TmS2fXIkV3"
}
2024-08-04 08:53:00,159 INFO c.e.F.s.FCMService [scheduling-1] Sent message to token. Device token: cMUIk9-hccUxbA-Uznl7LC:APA91bHdARuGyr517ZpGZjt8QsKVKP-zzl3-wKpOsTsvA8pTBvrXdaFJmeBhrQBpCixs5O3bo6nZ-o8U74khj1kf8ZjxyHbugfngNuhmsd6Nhs3xVja23IAlmliOwQYIR9TmS2fXIkV3, projects/binarfud-kh/messages/4b9deb87-3f28-48fe-a982-8dd63803ac48 msg {
  "notification": {
    "title": "Promo Siang Binarfud",
    "body": "Silakan order pada Pukul 12.00 - 13.00 untuk mendapatakan diskon 20%"
  },
  "androidConfig": {
    "priority": "high",
    "ttl": "120s",
    "notification": {}
  },
  "apnsConfig": {
    "payload": {
      "aps": {}
    }
  },
  "token": "cMUIk9-hccUxbA-Uznl7LC:APA91bHdARuGyr517ZpGZjt8QsKVKP-zzl3-wKpOsTsvA8pTBvrXdaFJmeBhrQBpCixs5O3bo6nZ-o8U74khj1kf8ZjxyHbugfngNuhmsd6Nhs3xVja23IAlmliOwQYIR9TmS2fXIkV3"
}
2024-08-04 08:53:02,332 INFO c.e.F.s.FCMService [scheduling-1] Sent message to token. Device token: cMUIk9-hccUxbA-Uznl7LC:APA91bHdARuGyr517ZpGZjt8QsKVKP-zzl3-wKpOsTsvA8pTBvrXdaFJmeBhrQBpCixs5O3bo6nZ-o8U74khj1kf8ZjxyHbugfngNuhmsd6Nhs3xVja23IAlmliOwQYIR9TmS2fXIkV3, projects/binarfud-kh/messages/f26fd96e-9638-45fe-8c3b-a9452321ce30 msg {
  "notification": {
    "title": "Promo Siang Binarfud",
    "body": "Silakan order pada Pukul 12.00 - 13.00 untuk mendapatakan diskon 20%"
  },
  "androidConfig": {
    "priority": "high",
    "ttl": "120s",
    "notification": {}
  },
  "apnsConfig": {
    "payload": {
      "aps": {}
    }
  },
  "token": "cMUIk9-hccUxbA-Uznl7LC:APA91bHdARuGyr517ZpGZjt8QsKVKP-zzl3-wKpOsTsvA8pTBvrXdaFJmeBhrQBpCixs5O3bo6nZ-o8U74khj1kf8ZjxyHbugfngNuhmsd6Nhs3xVja23IAlmliOwQYIR9TmS2fXIkV3"
}
2024-08-04 08:53:04,482 INFO c.e.F.s.FCMService [scheduling-1] Sent message to token. Device token: cMUIk9-hccUxbA-Uznl7LC:APA91bHdARuGyr517ZpGZjt8QsKVKP-zzl3-wKpOsTsvA8pTBvrXdaFJmeBhrQBpCixs5O3bo6nZ-o8U74khj1kf8ZjxyHbugfngNuhmsd6Nhs3xVja23IAlmliOwQYIR9TmS2fXIkV3, projects/binarfud-kh/messages/6bad0816-fc38-433a-91f9-f6f8508cb3e3 msg {
  "notification": {
    "title": "Promo Siang Binarfud",
    "body": "Silakan order pada Pukul 12.00 - 13.00 untuk mendapatakan diskon 20%"
  },
  "androidConfig": {
    "priority": "high",
    "ttl": "120s",
    "notification": {}
  },
  "apnsConfig": {
    "payload": {
      "aps": {}
    }
  },
  "token": "cMUIk9-hccUxbA-Uznl7LC:APA91bHdARuGyr517ZpGZjt8QsKVKP-zzl3-wKpOsTsvA8pTBvrXdaFJmeBhrQBpCixs5O3bo6nZ-o8U74khj1kf8ZjxyHbugfngNuhmsd6Nhs3xVja23IAlmliOwQYIR9TmS2fXIkV3"
}
2024-08-04 08:53:06,689 INFO c.e.F.s.FCMService [scheduling-1] Sent message to token. Device token: cMUIk9-hccUxbA-Uznl7LC:APA91bHdARuGyr517ZpGZjt8QsKVKP-zzl3-wKpOsTsvA8pTBvrXdaFJmeBhrQBpCixs5O3bo6nZ-o8U74khj1kf8ZjxyHbugfngNuhmsd6Nhs3xVja23IAlmliOwQYIR9TmS2fXIkV3, projects/binarfud-kh/messages/9b76c281-278f-4c8e-9d68-0d11082d891e msg {
  "notification": {
    "title": "Promo Siang Binarfud",
    "body": "Silakan order pada Pukul 12.00 - 13.00 untuk mendapatakan diskon 20%"
  },
  "androidConfig": {
    "priority": "high",
    "ttl": "120s",
    "notification": {}
  },
  "apnsConfig": {
    "payload": {
      "aps": {}
    }
  },
  "token": "cMUIk9-hccUxbA-Uznl7LC:APA91bHdARuGyr517ZpGZjt8QsKVKP-zzl3-wKpOsTsvA8pTBvrXdaFJmeBhrQBpCixs5O3bo6nZ-o8U74khj1kf8ZjxyHbugfngNuhmsd6Nhs3xVja23IAlmliOwQYIR9TmS2fXIkV3"
}
2024-08-04 08:53:08,168 INFO c.e.F.s.FCMService [scheduling-1] Sent message to token. Device token: cMUIk9-hccUxbA-Uznl7LC:APA91bHdARuGyr517ZpGZjt8QsKVKP-zzl3-wKpOsTsvA8pTBvrXdaFJmeBhrQBpCixs5O3bo6nZ-o8U74khj1kf8ZjxyHbugfngNuhmsd6Nhs3xVja23IAlmliOwQYIR9TmS2fXIkV3, projects/binarfud-kh/messages/ad17d742-6bc8-4f2a-9176-1ae55f6a0130 msg {
  "notification": {
    "title": "Promo Siang Binarfud",
    "body": "Silakan order pada Pukul 12.00 - 13.00 untuk mendapatakan diskon 20%"
  },
  "androidConfig": {
    "priority": "high",
    "ttl": "120s",
    "notification": {}
  },
  "apnsConfig": {
    "payload": {
      "aps": {}
    }
  },
  "token": "cMUIk9-hccUxbA-Uznl7LC:APA91bHdARuGyr517ZpGZjt8QsKVKP-zzl3-wKpOsTsvA8pTBvrXdaFJmeBhrQBpCixs5O3bo6nZ-o8U74khj1kf8ZjxyHbugfngNuhmsd6Nhs3xVja23IAlmliOwQYIR9TmS2fXIkV3"
}
2024-08-04 08:53:10,245 INFO c.e.F.s.FCMService [scheduling-1] Sent message to token. Device token: cMUIk9-hccUxbA-Uznl7LC:APA91bHdARuGyr517ZpGZjt8QsKVKP-zzl3-wKpOsTsvA8pTBvrXdaFJmeBhrQBpCixs5O3bo6nZ-o8U74khj1kf8ZjxyHbugfngNuhmsd6Nhs3xVja23IAlmliOwQYIR9TmS2fXIkV3, projects/binarfud-kh/messages/cb6848cf-594d-46a5-9a67-b3a4bf5c0172 msg {
  "notification": {
    "title": "Promo Siang Binarfud",
    "body": "Silakan order pada Pukul 12.00 - 13.00 untuk mendapatakan diskon 20%"
  },
  "androidConfig": {
    "priority": "high",
    "ttl": "120s",
    "notification": {}
  },
  "apnsConfig": {
    "payload": {
      "aps": {}
    }
  },
  "token": "cMUIk9-hccUxbA-Uznl7LC:APA91bHdARuGyr517ZpGZjt8QsKVKP-zzl3-wKpOsTsvA8pTBvrXdaFJmeBhrQBpCixs5O3bo6nZ-o8U74khj1kf8ZjxyHbugfngNuhmsd6Nhs3xVja23IAlmliOwQYIR9TmS2fXIkV3"
}
2024-08-04 08:53:12,393 INFO c.e.F.s.FCMService [scheduling-1] Sent message to token. Device token: cMUIk9-hccUxbA-Uznl7LC:APA91bHdARuGyr517ZpGZjt8QsKVKP-zzl3-wKpOsTsvA8pTBvrXdaFJmeBhrQBpCixs5O3bo6nZ-o8U74khj1kf8ZjxyHbugfngNuhmsd6Nhs3xVja23IAlmliOwQYIR9TmS2fXIkV3, projects/binarfud-kh/messages/34bb97a2-bbe0-4560-af4e-cf2b734498a9 msg {
  "notification": {
    "title": "Promo Siang Binarfud",
    "body": "Silakan order pada Pukul 12.00 - 13.00 untuk mendapatakan diskon 20%"
  },
  "androidConfig": {
    "priority": "high",
    "ttl": "120s",
    "notification": {}
  },
  "apnsConfig": {
    "payload": {
      "aps": {}
    }
  },
  "token": "cMUIk9-hccUxbA-Uznl7LC:APA91bHdARuGyr517ZpGZjt8QsKVKP-zzl3-wKpOsTsvA8pTBvrXdaFJmeBhrQBpCixs5O3bo6nZ-o8U74khj1kf8ZjxyHbugfngNuhmsd6Nhs3xVja23IAlmliOwQYIR9TmS2fXIkV3"
}
2024-08-04 08:53:14,558 INFO c.e.F.s.FCMService [scheduling-1] Sent message to token. Device token: cMUIk9-hccUxbA-Uznl7LC:APA91bHdARuGyr517ZpGZjt8QsKVKP-zzl3-wKpOsTsvA8pTBvrXdaFJmeBhrQBpCixs5O3bo6nZ-o8U74khj1kf8ZjxyHbugfngNuhmsd6Nhs3xVja23IAlmliOwQYIR9TmS2fXIkV3, projects/binarfud-kh/messages/bbf3390b-5c7e-4a75-8040-f1d551fdfa68 msg {
  "notification": {
    "title": "Promo Siang Binarfud",
    "body": "Silakan order pada Pukul 12.00 - 13.00 untuk mendapatakan diskon 20%"
  },
  "androidConfig": {
    "priority": "high",
    "ttl": "120s",
    "notification": {}
  },
  "apnsConfig": {
    "payload": {
      "aps": {}
    }
  },
  "token": "cMUIk9-hccUxbA-Uznl7LC:APA91bHdARuGyr517ZpGZjt8QsKVKP-zzl3-wKpOsTsvA8pTBvrXdaFJmeBhrQBpCixs5O3bo6nZ-o8U74khj1kf8ZjxyHbugfngNuhmsd6Nhs3xVja23IAlmliOwQYIR9TmS2fXIkV3"
}
2024-08-04 08:53:16,189 INFO c.e.F.s.FCMService [scheduling-1] Sent message to token. Device token: cMUIk9-hccUxbA-Uznl7LC:APA91bHdARuGyr517ZpGZjt8QsKVKP-zzl3-wKpOsTsvA8pTBvrXdaFJmeBhrQBpCixs5O3bo6nZ-o8U74khj1kf8ZjxyHbugfngNuhmsd6Nhs3xVja23IAlmliOwQYIR9TmS2fXIkV3, projects/binarfud-kh/messages/210eeecb-2b03-4763-a6b6-45960f724030 msg {
  "notification": {
    "title": "Promo Siang Binarfud",
    "body": "Silakan order pada Pukul 12.00 - 13.00 untuk mendapatakan diskon 20%"
  },
  "androidConfig": {
    "priority": "high",
    "ttl": "120s",
    "notification": {}
  },
  "apnsConfig": {
    "payload": {
      "aps": {}
    }
  },
  "token": "cMUIk9-hccUxbA-Uznl7LC:APA91bHdARuGyr517ZpGZjt8QsKVKP-zzl3-wKpOsTsvA8pTBvrXdaFJmeBhrQBpCixs5O3bo6nZ-o8U74khj1kf8ZjxyHbugfngNuhmsd6Nhs3xVja23IAlmliOwQYIR9TmS2fXIkV3"
}
2024-08-04 08:53:18,574 INFO c.e.F.s.FCMService [scheduling-1] Sent message to token. Device token: cMUIk9-hccUxbA-Uznl7LC:APA91bHdARuGyr517ZpGZjt8QsKVKP-zzl3-wKpOsTsvA8pTBvrXdaFJmeBhrQBpCixs5O3bo6nZ-o8U74khj1kf8ZjxyHbugfngNuhmsd6Nhs3xVja23IAlmliOwQYIR9TmS2fXIkV3, projects/binarfud-kh/messages/db11b72e-3725-42d4-bc41-8551eb801f67 msg {
  "notification": {
    "title": "Promo Siang Binarfud",
    "body": "Silakan order pada Pukul 12.00 - 13.00 untuk mendapatakan diskon 20%"
  },
  "androidConfig": {
    "priority": "high",
    "ttl": "120s",
    "notification": {}
  },
  "apnsConfig": {
    "payload": {
      "aps": {}
    }
  },
  "token": "cMUIk9-hccUxbA-Uznl7LC:APA91bHdARuGyr517ZpGZjt8QsKVKP-zzl3-wKpOsTsvA8pTBvrXdaFJmeBhrQBpCixs5O3bo6nZ-o8U74khj1kf8ZjxyHbugfngNuhmsd6Nhs3xVja23IAlmliOwQYIR9TmS2fXIkV3"
}
2024-08-04 08:53:20,179 INFO c.e.F.s.FCMService [scheduling-1] Sent message to token. Device token: cMUIk9-hccUxbA-Uznl7LC:APA91bHdARuGyr517ZpGZjt8QsKVKP-zzl3-wKpOsTsvA8pTBvrXdaFJmeBhrQBpCixs5O3bo6nZ-o8U74khj1kf8ZjxyHbugfngNuhmsd6Nhs3xVja23IAlmliOwQYIR9TmS2fXIkV3, projects/binarfud-kh/messages/e1b51ef8-3314-40e9-bb75-78614cc4bdf9 msg {
  "notification": {
    "title": "Promo Siang Binarfud",
    "body": "Silakan order pada Pukul 12.00 - 13.00 untuk mendapatakan diskon 20%"
  },
  "androidConfig": {
    "priority": "high",
    "ttl": "120s",
    "notification": {}
  },
  "apnsConfig": {
    "payload": {
      "aps": {}
    }
  },
  "token": "cMUIk9-hccUxbA-Uznl7LC:APA91bHdARuGyr517ZpGZjt8QsKVKP-zzl3-wKpOsTsvA8pTBvrXdaFJmeBhrQBpCixs5O3bo6nZ-o8U74khj1kf8ZjxyHbugfngNuhmsd6Nhs3xVja23IAlmliOwQYIR9TmS2fXIkV3"
}
2024-08-04 08:53:22,555 INFO c.e.F.s.FCMService [scheduling-1] Sent message to token. Device token: cMUIk9-hccUxbA-Uznl7LC:APA91bHdARuGyr517ZpGZjt8QsKVKP-zzl3-wKpOsTsvA8pTBvrXdaFJmeBhrQBpCixs5O3bo6nZ-o8U74khj1kf8ZjxyHbugfngNuhmsd6Nhs3xVja23IAlmliOwQYIR9TmS2fXIkV3, projects/binarfud-kh/messages/a9b62a87-88b2-4bec-bc5a-95b4ee96a7e5 msg {
  "notification": {
    "title": "Promo Siang Binarfud",
    "body": "Silakan order pada Pukul 12.00 - 13.00 untuk mendapatakan diskon 20%"
  },
  "androidConfig": {
    "priority": "high",
    "ttl": "120s",
    "notification": {}
  },
  "apnsConfig": {
    "payload": {
      "aps": {}
    }
  },
  "token": "cMUIk9-hccUxbA-Uznl7LC:APA91bHdARuGyr517ZpGZjt8QsKVKP-zzl3-wKpOsTsvA8pTBvrXdaFJmeBhrQBpCixs5O3bo6nZ-o8U74khj1kf8ZjxyHbugfngNuhmsd6Nhs3xVja23IAlmliOwQYIR9TmS2fXIkV3"
}
2024-08-04 08:53:22,635 INFO o.s.o.j.AbstractEntityManagerFactoryBean [SpringApplicationShutdownHook] Closing JPA EntityManagerFactory for persistence unit 'default'
2024-08-04 08:53:22,656 INFO c.z.h.HikariDataSource [SpringApplicationShutdownHook] HikariPool-1 - Shutdown initiated...
2024-08-04 08:53:22,693 INFO c.z.h.HikariDataSource [SpringApplicationShutdownHook] HikariPool-1 - Shutdown completed.
2024-08-04 08:57:54,606 INFO o.s.b.StartupInfoLogger [main] Starting FBjv24001115Synergy7IndBinfoodCh8Application using Java 21.0.2 with PID 22232 (E:\Kumpulankoding\java\Synrgy-challenge\F-BJV24001115-synergy7-ind-binfood-ch8\target\classes started by USER in E:\Kumpulankoding\java\Synrgy-challenge\F-BJV24001115-synergy7-ind-binfood-ch8)
2024-08-04 08:57:54,614 INFO o.s.b.SpringApplication [main] No active profile set, falling back to 1 default profile: "default"
2024-08-04 08:57:57,361 INFO o.s.d.r.c.RepositoryConfigurationDelegate [main] Bootstrapping Spring Data JPA repositories in DEFAULT mode.
2024-08-04 08:57:57,602 INFO o.s.d.r.c.RepositoryConfigurationDelegate [main] Finished Spring Data repository scanning in 223 ms. Found 7 JPA repository interfaces.
2024-08-04 08:57:59,428 INFO o.s.b.w.e.t.TomcatWebServer [main] Tomcat initialized with port 8081 (http)
2024-08-04 08:57:59,477 INFO o.a.j.l.DirectJDKLog [main] Initializing ProtocolHandler ["http-nio-8081"]
2024-08-04 08:57:59,496 INFO o.a.j.l.DirectJDKLog [main] Starting service [Tomcat]
2024-08-04 08:57:59,498 INFO o.a.j.l.DirectJDKLog [main] Starting Servlet engine: [Apache Tomcat/10.1.20]
2024-08-04 08:57:59,747 INFO o.a.j.l.DirectJDKLog [main] Initializing Spring embedded WebApplicationContext
2024-08-04 08:57:59,751 INFO o.s.b.w.s.c.ServletWebServerApplicationContext [main] Root WebApplicationContext: initialization completed in 4980 ms
2024-08-04 08:58:00,201 INFO o.h.j.i.u.LogHelper [main] HHH000204: Processing PersistenceUnitInfo [name: default]
2024-08-04 08:58:00,358 INFO o.h.Version [main] HHH000412: Hibernate ORM core version 6.4.4.Final
2024-08-04 08:58:00,463 INFO o.h.c.i.RegionFactoryInitiator [main] HHH000026: Second-level cache disabled
2024-08-04 08:58:01,456 INFO o.s.o.j.p.SpringPersistenceUnitInfo [main] No LoadTimeWeaver setup: ignoring JPA class transformer
2024-08-04 08:58:01,649 INFO c.z.h.HikariDataSource [main] HikariPool-1 - Starting...
2024-08-04 08:58:02,361 INFO c.z.h.p.HikariPool [main] HikariPool-1 - Added connection org.postgresql.jdbc.PgConnection@7a62d697
2024-08-04 08:58:02,366 INFO c.z.h.HikariDataSource [main] HikariPool-1 - Start completed.
2024-08-04 08:58:02,493 WARN o.h.e.j.d.i.DialectFactoryImpl [main] HHH90000025: PostgreSQLDialect does not need to be specified explicitly using 'hibernate.dialect' (remove the property setting and it will be selected by default)
2024-08-04 08:58:05,804 INFO o.h.e.t.j.p.i.JtaPlatformInitiator [main] HHH000489: No JTA platform available (set 'hibernate.transaction.jta.platform' to enable JTA platform integration)
2024-08-04 08:58:06,060 INFO o.s.o.j.AbstractEntityManagerFactoryBean [main] Initialized JPA EntityManagerFactory for persistence unit 'default'
2024-08-04 08:58:07,576 INFO o.s.d.j.r.q.QueryEnhancerFactory [main] Hibernate is in classpath; If applicable, HQL parser will be used.
2024-08-04 08:58:09,036 INFO c.e.F.s.FCMInitializer [main] Firebase application initialized
2024-08-04 08:58:09,127 WARN o.s.b.a.o.j.JpaBaseConfiguration$JpaWebConfiguration [main] spring.jpa.open-in-view is enabled by default. Therefore, database queries may be performed during view rendering. Explicitly configure spring.jpa.open-in-view to disable this warning
2024-08-04 08:58:10,186 INFO o.s.s.w.DefaultSecurityFilterChain [main] Will secure any request with [org.springframework.security.web.session.DisableEncodeUrlFilter@4945cd1f, org.springframework.security.web.context.request.async.WebAsyncManagerIntegrationFilter@2dbfcbe4, org.springframework.security.web.context.SecurityContextHolderFilter@1bff4b1f, org.springframework.security.web.header.HeaderWriterFilter@2199e1a4, org.springframework.web.filter.CorsFilter@6f13ed1, org.springframework.security.web.authentication.logout.LogoutFilter@17931cc0, org.springframework.security.oauth2.client.web.OAuth2AuthorizationRequestRedirectFilter@8c54f48, org.springframework.security.oauth2.client.web.OAuth2LoginAuthenticationFilter@641001c2, com.example.FBJV24001115synergy7indbinfoodch8.security.JwtAuthTokenFilter@1644cc2d, org.springframework.security.web.authentication.UsernamePasswordAuthenticationFilter@f111e97, org.springframework.security.web.savedrequest.RequestCacheAwareFilter@747b8f5c, org.springframework.security.web.servletapi.SecurityContextHolderAwareRequestFilter@428440f2, org.springframework.security.web.authentication.AnonymousAuthenticationFilter@44aaa987, org.springframework.security.web.access.ExceptionTranslationFilter@377b7798, org.springframework.security.web.access.intercept.AuthorizationFilter@483f19c0]
2024-08-04 08:58:10,928 INFO o.a.j.l.DirectJDKLog [main] Starting ProtocolHandler ["http-nio-8081"]
2024-08-04 08:58:10,985 INFO o.s.b.w.e.t.TomcatWebServer [main] Tomcat started on port 8081 (http) with context path ''
2024-08-04 08:58:11,119 INFO o.s.b.StartupInfoLogger [main] Started FBjv24001115Synergy7IndBinfoodCh8Application in 17.966 seconds (process running for 19.728)
2024-08-04 08:58:32,105 INFO o.s.o.j.AbstractEntityManagerFactoryBean [SpringApplicationShutdownHook] Closing JPA EntityManagerFactory for persistence unit 'default'
2024-08-04 08:58:32,110 INFO c.z.h.HikariDataSource [SpringApplicationShutdownHook] HikariPool-1 - Shutdown initiated...
2024-08-04 08:58:32,158 INFO c.z.h.HikariDataSource [SpringApplicationShutdownHook] HikariPool-1 - Shutdown completed.
